[ 2012-10-05T14:01:07+08:00 ] NOTIC: [8] Undefined index: username IndexAction.class.php 第 71 行.
[ 2012-10-05T14:01:44+08:00 ] NOTIC: [8] Undefined index: username IndexAction.class.php 第 71 行.
[ 2012-10-05T14:01:45+08:00 ] NOTIC: [8] Undefined index: username IndexAction.class.php 第 71 行.
[ 2012-10-05T14:01:45+08:00 ] NOTIC: [8] Undefined index: username IndexAction.class.php 第 71 行.
[ 2012-10-05T14:01:47+08:00 ] NOTIC: [8] Undefined index: username IndexAction.class.php 第 71 行.
[ 2012-10-05T14:01:47+08:00 ] NOTIC: [8] Undefined index: username IndexAction.class.php 第 71 行.
[ 2012-10-05T14:01:47+08:00 ] NOTIC: [8] Undefined index: username IndexAction.class.php 第 71 行.
[ 2012-10-05T14:01:48+08:00 ] NOTIC: [8] Undefined index: username IndexAction.class.php 第 71 行.
[ 2012-10-05T14:01:48+08:00 ] NOTIC: [8] Undefined index: username IndexAction.class.php 第 71 行.
[ 2012-10-05T14:02:10+08:00 ] NOTIC: [8] Undefined index: username IndexAction.class.php 第 71 行.
[ 2012-10-05T14:03:04+08:00 ] NOTIC: [8] Undefined index: username IndexAction.class.php 第 71 行.
[ 2012-10-05T14:03:31+08:00 ] NOTIC: [8] Undefined index: username IndexAction.class.php 第 71 行.
[ 2012-10-05T14:04:09+08:00 ] NOTIC: [8] Undefined index: username IndexAction.class.php 第 71 行.
[ 2012-10-05T14:25:34+08:00 ] SQL: SHOW COLUMNS FROM `word` [ RunTime:0.037358s ]
[ 2012-10-05T14:25:34+08:00 ] SQL: SELECT * FROM `word` WHERE word='chen' [ RunTime:0.024941s ]
[ 2012-10-05T14:28:07+08:00 ] NOTIC: [8] Undefined variable: kw a62833cbd1250a21ad9c7c941a5afaf4.php 第 50 行.
[ 2012-10-05T14:28:09+08:00 ] NOTIC: [8] Undefined index: username IndexAction.class.php 第 71 行.
[ 2012-10-05T14:28:10+08:00 ] NOTIC: [8] Undefined index: username IndexAction.class.php 第 71 行.
[ 2012-10-05T14:28:10+08:00 ] NOTIC: [8] Undefined index: username IndexAction.class.php 第 71 行.
[ 2012-10-05T14:28:13+08:00 ] NOTIC: [8] Undefined index: username IndexAction.class.php 第 71 行.
[ 2012-10-05T14:28:13+08:00 ] NOTIC: [8] Undefined index: username IndexAction.class.php 第 71 行.
[ 2012-10-05T14:28:14+08:00 ] NOTIC: [8] Undefined index: username IndexAction.class.php 第 71 行.
[ 2012-10-05T14:28:23+08:00 ] NOTIC: [8] Undefined index: username IndexAction.class.php 第 71 行.
[ 2012-10-05T14:28:25+08:00 ] NOTIC: [8] Undefined index: username IndexAction.class.php 第 71 行.
[ 2012-10-05T14:28:27+08:00 ] NOTIC: [8] Undefined index: username IndexAction.class.php 第 71 行.
[ 2012-10-05T14:30:03+08:00 ] NOTIC: [8] Undefined variable: kw a62833cbd1250a21ad9c7c941a5afaf4.php 第 50 行.
[ 2012-10-05T14:30:05+08:00 ] NOTIC: [8] Undefined index: username IndexAction.class.php 第 71 行.
[ 2012-10-05T14:30:05+08:00 ] NOTIC: [8] Undefined index: username IndexAction.class.php 第 71 行.
[ 2012-10-05T14:31:29+08:00 ] NOTIC: [8] Undefined variable: kw a62833cbd1250a21ad9c7c941a5afaf4.php 第 49 行.
[ 2012-10-05T14:31:31+08:00 ] NOTIC: [8] Undefined index: username IndexAction.class.php 第 71 行.
[ 2012-10-05T14:31:31+08:00 ] NOTIC: [8] Undefined index: username IndexAction.class.php 第 71 行.
[ 2012-10-05T14:31:38+08:00 ] NOTIC: [8] Undefined variable: kw a62833cbd1250a21ad9c7c941a5afaf4.php 第 50 行.
[ 2012-10-05T14:31:40+08:00 ] NOTIC: [8] Undefined index: username IndexAction.class.php 第 71 行.
[ 2012-10-05T14:32:04+08:00 ] NOTIC: [8] Undefined variable: kw a62833cbd1250a21ad9c7c941a5afaf4.php 第 50 行.
[ 2012-10-05T14:37:01+08:00 ] NOTIC: [8] Undefined variable: kw a62833cbd1250a21ad9c7c941a5afaf4.php 第 16 行.
[ 2012-10-05T14:37:28+08:00 ] NOTIC: [8] Undefined variable: kw a62833cbd1250a21ad9c7c941a5afaf4.php 第 16 行.
[ 2012-10-05T14:38:21+08:00 ] NOTIC: [8] Undefined variable: kw a62833cbd1250a21ad9c7c941a5afaf4.php 第 16 行.
[ 2012-10-05T14:38:23+08:00 ] NOTIC: [8] Undefined variable: kw a62833cbd1250a21ad9c7c941a5afaf4.php 第 16 行.
[ 2012-10-05T14:38:36+08:00 ] NOTIC: [8] Undefined variable: kw a62833cbd1250a21ad9c7c941a5afaf4.php 第 16 行.
[ 2012-10-05T14:50:20+08:00 ] NOTIC: [8] Undefined variable: kw a62833cbd1250a21ad9c7c941a5afaf4.php 第 59 行.
[ 2012-10-05T14:50:22+08:00 ] ERR: (ThinkException) 非法操作add
[ 2012-10-05T14:50:23+08:00 ] ERR: (ThinkException) 非法操作add
[ 2012-10-05T14:50:25+08:00 ] ERR: (ThinkException) 非法操作add
[ 2012-10-05T14:50:26+08:00 ] ERR: (ThinkException) 非法操作add
[ 2012-10-05T14:51:37+08:00 ] NOTIC: [8] Undefined variable: kw a62833cbd1250a21ad9c7c941a5afaf4.php 第 60 行.
[ 2012-10-05T14:51:40+08:00 ] ERR: (ThinkException) 非法操作add
[ 2012-10-05T14:51:44+08:00 ] ERR: (ThinkException) 非法操作add
[ 2012-10-05T14:52:12+08:00 ] ERR: (ThinkException) 非法操作add
[ 2012-10-05T14:52:52+08:00 ] NOTIC: [8] Undefined variable: kw a62833cbd1250a21ad9c7c941a5afaf4.php 第 60 行.
[ 2012-10-05T14:52:55+08:00 ] ERR: (ThinkException) 非法操作add
[ 2012-10-05T14:56:08+08:00 ] NOTIC: [8] Undefined variable: kw a62833cbd1250a21ad9c7c941a5afaf4.php 第 60 行.
[ 2012-10-05T14:56:11+08:00 ] SQL: SHOW COLUMNS FROM `message` [ RunTime:0.039983s ]
[ 2012-10-05T14:56:57+08:00 ] SQL: SHOW COLUMNS FROM `message` [ RunTime:0.010326s ]
[ 2012-10-05T14:56:58+08:00 ] NOTIC: [8] Undefined variable: kw a62833cbd1250a21ad9c7c941a5afaf4.php 第 60 行.
[ 2012-10-05T14:57:00+08:00 ] SQL: SHOW COLUMNS FROM `message` [ RunTime:0.006417s ]
[ 2012-10-05T14:57:01+08:00 ] SQL: SHOW COLUMNS FROM `message` [ RunTime:0.006196s ]
[ 2012-10-05T14:57:02+08:00 ] SQL: SHOW COLUMNS FROM `message` [ RunTime:0.009020s ]
[ 2012-10-05T14:58:14+08:00 ] NOTIC: [8] Undefined variable: kw a62833cbd1250a21ad9c7c941a5afaf4.php 第 60 行.
[ 2012-10-05T15:05:53+08:00 ] NOTIC: [8] Undefined variable: kw a62833cbd1250a21ad9c7c941a5afaf4.php 第 70 行.
[ 2012-10-05T15:05:57+08:00 ] ERR: (ThinkException) 非法操作-Article
[ 2012-10-05T15:07:32+08:00 ] NOTIC: [8] Undefined variable: kw a62833cbd1250a21ad9c7c941a5afaf4.php 第 57 行.
[ 2012-10-05T15:07:34+08:00 ] ERR: (ThinkException) 非法操作-Article
[ 2012-10-05T15:09:14+08:00 ] NOTIC: [8] Undefined variable: kw a62833cbd1250a21ad9c7c941a5afaf4.php 第 57 行.
[ 2012-10-05T15:10:15+08:00 ] NOTIC: [8] Undefined variable: kw a62833cbd1250a21ad9c7c941a5afaf4.php 第 55 行.
[ 2012-10-05T15:11:19+08:00 ] NOTIC: [8] Undefined variable: kw a62833cbd1250a21ad9c7c941a5afaf4.php 第 55 行.
[ 2012-10-05T15:11:30+08:00 ] NOTIC: [8] Undefined variable: kw a62833cbd1250a21ad9c7c941a5afaf4.php 第 55 行.
[ 2012-10-05T15:12:40+08:00 ] NOTIC: [8] Undefined variable: kw a62833cbd1250a21ad9c7c941a5afaf4.php 第 39 行.
[ 2012-10-05T15:13:48+08:00 ] NOTIC: [8] Undefined variable: kw a62833cbd1250a21ad9c7c941a5afaf4.php 第 39 行.
[ 2012-10-05T15:13:59+08:00 ] NOTIC: [8] Undefined variable: kw a62833cbd1250a21ad9c7c941a5afaf4.php 第 39 行.
[ 2012-10-05T15:14:13+08:00 ] NOTIC: [8] Undefined variable: kw a62833cbd1250a21ad9c7c941a5afaf4.php 第 39 行.
[ 2012-10-05T15:14:49+08:00 ] ERR: (ThinkException) 非法操作-Article
[ 2012-10-05T15:14:53+08:00 ] NOTIC: [8] Undefined variable: kw a62833cbd1250a21ad9c7c941a5afaf4.php 第 39 行.
[ 2012-10-05T15:20:37+08:00 ] NOTIC: [8] Undefined variable: kw a62833cbd1250a21ad9c7c941a5afaf4.php 第 32 行.
[ 2012-10-05T15:20:54+08:00 ] NOTIC: [8] Undefined variable: kw a62833cbd1250a21ad9c7c941a5afaf4.php 第 32 行.
[ 2012-10-05T15:21:37+08:00 ] SQL: SHOW COLUMNS FROM `word` [ RunTime:0.034960s ]
[ 2012-10-05T15:21:37+08:00 ] SQL: SELECT * FROM `word` WHERE word='a' [ RunTime:0.020946s ]
[ 2012-10-05T15:21:45+08:00 ] SQL: SHOW COLUMNS FROM `word` [ RunTime:0.011245s ]
[ 2012-10-05T15:21:45+08:00 ] SQL: SELECT * FROM `word` WHERE word='China' [ RunTime:0.098839s ]
[ 2012-10-05T15:22:25+08:00 ] SQL: SHOW COLUMNS FROM `word` [ RunTime:0.024168s ]
[ 2012-10-05T15:22:25+08:00 ] SQL: SELECT * FROM `word` WHERE word='China' [ RunTime:0.002071s ]
[ 2012-10-05T15:24:24+08:00 ] ERR: (ThinkException) 非法操作__URL__
[ 2012-10-05T15:24:25+08:00 ] ERR: (ThinkException) 非法操作__URL__
[ 2012-10-05T15:28:16+08:00 ] SQL: SHOW COLUMNS FROM `word` [ RunTime:0.010577s ]
[ 2012-10-05T15:28:16+08:00 ] SQL: SELECT * FROM `word` WHERE word='admin' [ RunTime:0.000951s ]
[ 2012-10-05T15:28:23+08:00 ] SQL: SHOW COLUMNS FROM `word` [ RunTime:0.009101s ]
[ 2012-10-05T15:28:23+08:00 ] SQL: SELECT * FROM `word` WHERE word='admin' [ RunTime:0.000625s ]
[ 2012-10-05T15:28:48+08:00 ] SQL: SHOW COLUMNS FROM `word` [ RunTime:0.012775s ]
[ 2012-10-05T15:28:48+08:00 ] SQL: SELECT * FROM `word` WHERE word='admin' [ RunTime:0.000791s ]
[ 2012-10-05T15:29:42+08:00 ] SQL: SHOW COLUMNS FROM `word` [ RunTime:0.009320s ]
[ 2012-10-05T15:29:42+08:00 ] SQL: SELECT * FROM `word` WHERE word='a' [ RunTime:0.000876s ]
[ 2012-10-05T15:30:26+08:00 ] SQL: SHOW COLUMNS FROM `word` [ RunTime:0.009577s ]
[ 2012-10-05T15:30:26+08:00 ] SQL: SELECT * FROM `word` WHERE word='a' [ RunTime:0.000857s ]
[ 2012-10-05T15:30:33+08:00 ] SQL: SHOW COLUMNS FROM `word` [ RunTime:0.009540s ]
[ 2012-10-05T15:30:33+08:00 ] SQL: SELECT * FROM `word` WHERE word='a' [ RunTime:0.000556s ]
[ 2012-10-05T15:31:10+08:00 ] SQL: SHOW COLUMNS FROM `word` [ RunTime:0.051929s ]
[ 2012-10-05T15:31:10+08:00 ] SQL: SELECT * FROM `word` WHERE word='ad' [ RunTime:0.010008s ]
[ 2012-10-05T15:31:25+08:00 ] SQL: SHOW COLUMNS FROM `word` [ RunTime:0.019440s ]
[ 2012-10-05T15:31:25+08:00 ] SQL: SELECT * FROM `word` WHERE word='admina' [ RunTime:0.001015s ]
[ 2012-10-05T15:32:04+08:00 ] SQL: SHOW COLUMNS FROM `word` [ RunTime:0.010607s ]
[ 2012-10-05T15:32:04+08:00 ] SQL: SELECT * FROM `word` WHERE word='admina' [ RunTime:0.000546s ]
[ 2012-10-05T15:32:13+08:00 ] SQL: SHOW COLUMNS FROM `word` [ RunTime:0.009090s ]
[ 2012-10-05T15:32:13+08:00 ] SQL: SELECT * FROM `word` WHERE word='admina' [ RunTime:0.000933s ]
[ 2012-10-05T15:32:52+08:00 ] SQL: SHOW COLUMNS FROM `word` [ RunTime:0.021735s ]
[ 2012-10-05T15:32:52+08:00 ] SQL: SELECT * FROM `word` WHERE word='admina' [ RunTime:0.001358s ]
[ 2012-10-05T15:33:58+08:00 ] SQL: SHOW COLUMNS FROM `word` [ RunTime:0.009850s ]
[ 2012-10-05T15:33:58+08:00 ] SQL: SELECT * FROM `word` WHERE word='admina' [ RunTime:0.001183s ]
[ 2012-10-05T15:34:41+08:00 ] SQL: SHOW COLUMNS FROM `word` [ RunTime:0.012271s ]
[ 2012-10-05T15:34:41+08:00 ] SQL: SELECT * FROM `word` WHERE word='admina' [ RunTime:0.000726s ]
[ 2012-10-05T15:35:14+08:00 ] SQL: SHOW COLUMNS FROM `word` [ RunTime:0.014318s ]
[ 2012-10-05T15:35:14+08:00 ] SQL: SELECT * FROM `word` WHERE word='admina' [ RunTime:0.000744s ]
[ 2012-10-05T15:39:11+08:00 ] SQL: SHOW COLUMNS FROM `word` [ RunTime:0.041560s ]
[ 2012-10-05T15:39:11+08:00 ] SQL: SELECT * FROM `word` WHERE word='admina' [ RunTime:0.000963s ]
[ 2012-10-05T15:39:13+08:00 ] SQL: SHOW COLUMNS FROM `word_index` [ RunTime:0.027196s ]
[ 2012-10-05T15:39:13+08:00 ] SQL: SELECT wo.word,wo.sound,wo.chinese,wo.lenth FROM word_index ind,word wo WHERE letter='adminaa' and ind.id=wo.id ORDER BY lenth ASC LIMIT 0,20  [ RunTime:0.134799s ]
[ 2012-10-05T15:39:13+08:00 ] SQL: SHOW COLUMNS FROM `word_index` [ RunTime:0.009098s ]
[ 2012-10-05T15:39:13+08:00 ] SQL: SELECT wo.word,wo.sound,wo.chinese,wo.lenth FROM word_index ind,word wo WHERE letter='adminaaa' and ind.id=wo.id ORDER BY lenth ASC LIMIT 0,20  [ RunTime:0.000642s ]
[ 2012-10-05T15:39:15+08:00 ] SQL: SHOW COLUMNS FROM `word_index` [ RunTime:0.008163s ]
[ 2012-10-05T15:39:15+08:00 ] SQL: SELECT wo.word,wo.sound,wo.chinese,wo.lenth FROM word_index ind,word wo WHERE letter='adminaaaa' and ind.id=wo.id ORDER BY lenth ASC LIMIT 0,20  [ RunTime:0.000668s ]
[ 2012-10-05T15:39:15+08:00 ] SQL: SHOW COLUMNS FROM `word_index` [ RunTime:0.008391s ]
[ 2012-10-05T15:39:15+08:00 ] SQL: SELECT wo.word,wo.sound,wo.chinese,wo.lenth FROM word_index ind,word wo WHERE letter='adminaaaaa' and ind.id=wo.id ORDER BY lenth ASC LIMIT 0,20  [ RunTime:0.000809s ]
[ 2012-10-05T15:39:17+08:00 ] SQL: SHOW COLUMNS FROM `word_index` [ RunTime:0.012361s ]
[ 2012-10-05T15:39:17+08:00 ] SQL: SELECT wo.word,wo.sound,wo.chinese,wo.lenth FROM word_index ind,word wo WHERE letter='' and ind.id=wo.id ORDER BY lenth ASC LIMIT 0,20  [ RunTime:0.001030s ]
[ 2012-10-05T15:39:18+08:00 ] SQL: SHOW COLUMNS FROM `word_index` [ RunTime:0.009665s ]
[ 2012-10-05T15:39:18+08:00 ] SQL: SELECT wo.word,wo.sound,wo.chinese,wo.lenth FROM word_index ind,word wo WHERE letter='C' and ind.id=wo.id ORDER BY lenth ASC LIMIT 0,20  [ RunTime:0.678839s ]
[ 2012-10-05T15:39:18+08:00 ] NOTIC: [8] Undefined variable: reslt IndexAction.class.php 第 56 行.
[ 2012-10-05T15:39:18+08:00 ] SQL: SHOW COLUMNS FROM `word_index` [ RunTime:0.010774s ]
[ 2012-10-05T15:39:18+08:00 ] SQL: SELECT wo.word,wo.sound,wo.chinese,wo.lenth FROM word_index ind,word wo WHERE letter='C' and ind.id=wo.id ORDER BY lenth ASC LIMIT 0,20  [ RunTime:0.004998s ]
[ 2012-10-05T15:39:18+08:00 ] NOTIC: [8] Undefined variable: reslt IndexAction.class.php 第 56 行.
[ 2012-10-05T15:39:20+08:00 ] SQL: SHOW COLUMNS FROM `word_index` [ RunTime:0.008063s ]
[ 2012-10-05T15:39:20+08:00 ] SQL: SELECT wo.word,wo.sound,wo.chinese,wo.lenth FROM word_index ind,word wo WHERE letter='Ch' and ind.id=wo.id ORDER BY lenth ASC LIMIT 0,20  [ RunTime:0.001287s ]
[ 2012-10-05T15:39:20+08:00 ] NOTIC: [8] Undefined variable: reslt IndexAction.class.php 第 56 行.
[ 2012-10-05T15:39:42+08:00 ] SQL: SHOW COLUMNS FROM `word` [ RunTime:0.012804s ]
[ 2012-10-05T15:39:42+08:00 ] SQL: SELECT * FROM `word` WHERE word='admina' [ RunTime:0.001247s ]
[ 2012-10-05T15:39:44+08:00 ] NOTIC: [8] Undefined variable: r IndexAction.class.php 第 65 行.
[ 2012-10-05T15:39:44+08:00 ] SQL: SHOW COLUMNS FROM `word_index` [ RunTime:0.008070s ]
[ 2012-10-05T15:39:44+08:00 ] SQL: SELECT wo.word,wo.sound,wo.chinese,wo.lenth FROM word_index ind,word wo WHERE letter='adminaa' and ind.id=wo.id ORDER BY lenth ASC LIMIT 0,20  [ RunTime:0.000791s ]
[ 2012-10-05T15:39:45+08:00 ] NOTIC: [8] Undefined variable: r IndexAction.class.php 第 65 行.
[ 2012-10-05T15:39:45+08:00 ] SQL: SHOW COLUMNS FROM `word_index` [ RunTime:0.007930s ]
[ 2012-10-05T15:39:45+08:00 ] SQL: SELECT wo.word,wo.sound,wo.chinese,wo.lenth FROM word_index ind,word wo WHERE letter='adminaaa' and ind.id=wo.id ORDER BY lenth ASC LIMIT 0,20  [ RunTime:0.001120s ]
[ 2012-10-05T15:39:45+08:00 ] NOTIC: [8] Undefined variable: r IndexAction.class.php 第 65 行.
[ 2012-10-05T15:39:45+08:00 ] SQL: SHOW COLUMNS FROM `word_index` [ RunTime:0.011770s ]
[ 2012-10-05T15:39:45+08:00 ] SQL: SELECT wo.word,wo.sound,wo.chinese,wo.lenth FROM word_index ind,word wo WHERE letter='adminaaaa' and ind.id=wo.id ORDER BY lenth ASC LIMIT 0,20  [ RunTime:0.000872s ]
[ 2012-10-05T15:39:48+08:00 ] NOTIC: [8] Undefined variable: r IndexAction.class.php 第 65 行.
[ 2012-10-05T15:39:48+08:00 ] SQL: SHOW COLUMNS FROM `word_index` [ RunTime:0.007545s ]
[ 2012-10-05T15:39:48+08:00 ] SQL: SELECT wo.word,wo.sound,wo.chinese,wo.lenth FROM word_index ind,word wo WHERE letter='' and ind.id=wo.id ORDER BY lenth ASC LIMIT 0,20  [ RunTime:0.000697s ]
[ 2012-10-05T15:39:48+08:00 ] NOTIC: [8] Undefined variable: r IndexAction.class.php 第 65 行.
[ 2012-10-05T15:39:48+08:00 ] SQL: SHOW COLUMNS FROM `word_index` [ RunTime:0.009436s ]
[ 2012-10-05T15:39:49+08:00 ] SQL: SELECT wo.word,wo.sound,wo.chinese,wo.lenth FROM word_index ind,word wo WHERE letter='a' and ind.id=wo.id ORDER BY lenth ASC LIMIT 0,20  [ RunTime:0.082248s ]
[ 2012-10-05T15:39:49+08:00 ] NOTIC: [8] Undefined variable: reslt IndexAction.class.php 第 56 行.
[ 2012-10-05T15:39:49+08:00 ] NOTIC: [8] Undefined variable: r IndexAction.class.php 第 65 行.
[ 2012-10-05T15:39:49+08:00 ] SQL: SHOW COLUMNS FROM `word_index` [ RunTime:0.008687s ]
[ 2012-10-05T15:39:49+08:00 ] SQL: SELECT wo.word,wo.sound,wo.chinese,wo.lenth FROM word_index ind,word wo WHERE letter='ad' and ind.id=wo.id ORDER BY lenth ASC LIMIT 0,20  [ RunTime:0.001303s ]
[ 2012-10-05T15:39:49+08:00 ] NOTIC: [8] Undefined variable: reslt IndexAction.class.php 第 56 行.
[ 2012-10-05T15:39:50+08:00 ] NOTIC: [8] Undefined variable: r IndexAction.class.php 第 65 行.
[ 2012-10-05T15:39:50+08:00 ] SQL: SHOW COLUMNS FROM `word_index` [ RunTime:0.044435s ]
[ 2012-10-05T15:39:50+08:00 ] SQL: SELECT wo.word,wo.sound,wo.chinese,wo.lenth FROM word_index ind,word wo WHERE letter='a' and ind.id=wo.id ORDER BY lenth ASC LIMIT 0,20  [ RunTime:0.003118s ]
[ 2012-10-05T15:39:50+08:00 ] NOTIC: [8] Undefined variable: reslt IndexAction.class.php 第 56 行.
[ 2012-10-05T15:39:51+08:00 ] NOTIC: [8] Undefined variable: r IndexAction.class.php 第 65 行.
[ 2012-10-05T15:39:51+08:00 ] SQL: SHOW COLUMNS FROM `word_index` [ RunTime:0.007564s ]
[ 2012-10-05T15:39:51+08:00 ] SQL: SELECT wo.word,wo.sound,wo.chinese,wo.lenth FROM word_index ind,word wo WHERE letter='aaaaaaaaaa' and ind.id=wo.id ORDER BY lenth ASC LIMIT 0,20  [ RunTime:0.000679s ]
[ 2012-10-05T15:39:51+08:00 ] NOTIC: [8] Undefined variable: r IndexAction.class.php 第 65 行.
[ 2012-10-05T15:39:51+08:00 ] SQL: SHOW COLUMNS FROM `word_index` [ RunTime:0.013528s ]
[ 2012-10-05T15:39:51+08:00 ] SQL: SELECT wo.word,wo.sound,wo.chinese,wo.lenth FROM word_index ind,word wo WHERE letter='aaaaaaaaaaa' and ind.id=wo.id ORDER BY lenth ASC LIMIT 0,20  [ RunTime:0.000714s ]
[ 2012-10-05T15:39:52+08:00 ] NOTIC: [8] Undefined variable: r IndexAction.class.php 第 65 行.
[ 2012-10-05T15:39:52+08:00 ] SQL: SHOW COLUMNS FROM `word_index` [ RunTime:0.008093s ]
[ 2012-10-05T15:39:52+08:00 ] SQL: SELECT wo.word,wo.sound,wo.chinese,wo.lenth FROM word_index ind,word wo WHERE letter='aaaaaaaaaaaa' and ind.id=wo.id ORDER BY lenth ASC LIMIT 0,20  [ RunTime:0.000685s ]
[ 2012-10-05T15:39:52+08:00 ] NOTIC: [8] Undefined variable: r IndexAction.class.php 第 65 行.
[ 2012-10-05T15:39:52+08:00 ] SQL: SHOW COLUMNS FROM `word_index` [ RunTime:0.008024s ]
[ 2012-10-05T15:39:52+08:00 ] SQL: SELECT wo.word,wo.sound,wo.chinese,wo.lenth FROM word_index ind,word wo WHERE letter='aaaaaaaaaaaaa' and ind.id=wo.id ORDER BY lenth ASC LIMIT 0,20  [ RunTime:0.000715s ]
[ 2012-10-05T15:39:52+08:00 ] NOTIC: [8] Undefined variable: r IndexAction.class.php 第 65 行.
[ 2012-10-05T15:39:52+08:00 ] SQL: SHOW COLUMNS FROM `word_index` [ RunTime:0.011062s ]
[ 2012-10-05T15:39:52+08:00 ] SQL: SELECT wo.word,wo.sound,wo.chinese,wo.lenth FROM word_index ind,word wo WHERE letter='aaaaaaaaaaaaaa' and ind.id=wo.id ORDER BY lenth ASC LIMIT 0,20  [ RunTime:0.000753s ]
[ 2012-10-05T15:39:52+08:00 ] NOTIC: [8] Undefined variable: r IndexAction.class.php 第 65 行.
[ 2012-10-05T15:39:52+08:00 ] SQL: SHOW COLUMNS FROM `word_index` [ RunTime:0.007804s ]
[ 2012-10-05T15:39:52+08:00 ] SQL: SELECT wo.word,wo.sound,wo.chinese,wo.lenth FROM word_index ind,word wo WHERE letter='aaaaaaaaaaaaaaa' and ind.id=wo.id ORDER BY lenth ASC LIMIT 0,20  [ RunTime:0.000736s ]
[ 2012-10-05T15:39:54+08:00 ] SQL: SHOW COLUMNS FROM `word` [ RunTime:0.031022s ]
[ 2012-10-05T15:39:54+08:00 ] SQL: SELECT * FROM `word` WHERE word='admina' [ RunTime:0.004196s ]
[ 2012-10-05T15:39:56+08:00 ] NOTIC: [8] Undefined variable: r IndexAction.class.php 第 65 行.
[ 2012-10-05T15:39:56+08:00 ] SQL: SHOW COLUMNS FROM `word_index` [ RunTime:0.009143s ]
[ 2012-10-05T15:39:56+08:00 ] SQL: SELECT wo.word,wo.sound,wo.chinese,wo.lenth FROM word_index ind,word wo WHERE letter='adminaaaaa' and ind.id=wo.id ORDER BY lenth ASC LIMIT 0,20  [ RunTime:0.001029s ]
[ 2012-10-05T15:40:04+08:00 ] SQL: SHOW COLUMNS FROM `word` [ RunTime:0.025729s ]
[ 2012-10-05T15:40:04+08:00 ] SQL: SELECT * FROM `word` WHERE word='admina' [ RunTime:0.000633s ]
[ 2012-10-05T15:40:05+08:00 ] SQL: SHOW COLUMNS FROM `word_index` [ RunTime:0.009276s ]
[ 2012-10-05T15:40:05+08:00 ] SQL: SELECT wo.word,wo.sound,wo.chinese,wo.lenth FROM word_index ind,word wo WHERE letter='adminaa' and ind.id=wo.id ORDER BY lenth ASC LIMIT 0,20  [ RunTime:0.000900s ]
[ 2012-10-05T15:40:06+08:00 ] SQL: SHOW COLUMNS FROM `word_index` [ RunTime:0.012046s ]
[ 2012-10-05T15:40:06+08:00 ] SQL: SELECT wo.word,wo.sound,wo.chinese,wo.lenth FROM word_index ind,word wo WHERE letter='adminaaa' and ind.id=wo.id ORDER BY lenth ASC LIMIT 0,20  [ RunTime:0.000912s ]
[ 2012-10-05T15:42:17+08:00 ] SQL: SHOW COLUMNS FROM `word_index` [ RunTime:0.009439s ]
[ 2012-10-05T15:42:17+08:00 ] SQL: SELECT wo.word,wo.sound,wo.chinese,wo.lenth FROM word_index ind,word wo WHERE letter='' and ind.id=wo.id ORDER BY lenth ASC LIMIT 0,20  [ RunTime:0.000704s ]
[ 2012-10-05T15:42:23+08:00 ] NOTIC: [8] Undefined variable: kw a62833cbd1250a21ad9c7c941a5afaf4.php 第 37 行.
[ 2012-10-05T15:43:29+08:00 ] NOTIC: [8] Undefined variable: kw a62833cbd1250a21ad9c7c941a5afaf4.php 第 29 行.
[ 2012-10-05T15:43:30+08:00 ] SQL: SHOW COLUMNS FROM `word_index` [ RunTime:0.008515s ]
[ 2012-10-05T15:43:30+08:00 ] SQL: SELECT wo.word,wo.sound,wo.chinese,wo.lenth FROM word_index ind,word wo WHERE letter='a' and ind.id=wo.id ORDER BY lenth ASC LIMIT 0,20  [ RunTime:0.003448s ]
[ 2012-10-05T15:43:30+08:00 ] NOTIC: [8] Undefined variable: reslt IndexAction.class.php 第 56 行.
[ 2012-10-05T15:43:31+08:00 ] SQL: SHOW COLUMNS FROM `word_index` [ RunTime:0.008673s ]
[ 2012-10-05T15:43:31+08:00 ] SQL: SELECT wo.word,wo.sound,wo.chinese,wo.lenth FROM word_index ind,word wo WHERE letter='ad' and ind.id=wo.id ORDER BY lenth ASC LIMIT 0,20  [ RunTime:0.001393s ]
[ 2012-10-05T15:43:31+08:00 ] NOTIC: [8] Undefined variable: reslt IndexAction.class.php 第 56 行.
[ 2012-10-05T15:43:41+08:00 ] NOTIC: [8] Undefined variable: kw a62833cbd1250a21ad9c7c941a5afaf4.php 第 29 行.
[ 2012-10-05T15:43:42+08:00 ] SQL: SHOW COLUMNS FROM `word_index` [ RunTime:0.008105s ]
[ 2012-10-05T15:43:42+08:00 ] SQL: SELECT wo.word,wo.sound,wo.chinese,wo.lenth FROM word_index ind,word wo WHERE letter='a' and ind.id=wo.id ORDER BY lenth ASC LIMIT 0,20  [ RunTime:0.003807s ]
[ 2012-10-05T15:43:42+08:00 ] NOTIC: [8] Undefined variable: reslt IndexAction.class.php 第 56 行.
[ 2012-10-05T15:43:45+08:00 ] SQL: SHOW COLUMNS FROM `word_index` [ RunTime:0.007845s ]
[ 2012-10-05T15:43:45+08:00 ] SQL: SELECT wo.word,wo.sound,wo.chinese,wo.lenth FROM word_index ind,word wo WHERE letter='aa' and ind.id=wo.id ORDER BY lenth ASC LIMIT 0,20  [ RunTime:0.000955s ]
[ 2012-10-05T15:43:45+08:00 ] SQL: SHOW COLUMNS FROM `word_index` [ RunTime:0.008213s ]
[ 2012-10-05T15:43:45+08:00 ] SQL: SELECT wo.word,wo.sound,wo.chinese,wo.lenth FROM word_index ind,word wo WHERE letter='aaa' and ind.id=wo.id ORDER BY lenth ASC LIMIT 0,20  [ RunTime:0.000686s ]
[ 2012-10-05T15:43:46+08:00 ] SQL: SHOW COLUMNS FROM `word_index` [ RunTime:0.007553s ]
[ 2012-10-05T15:43:46+08:00 ] SQL: SELECT wo.word,wo.sound,wo.chinese,wo.lenth FROM word_index ind,word wo WHERE letter='aaaa' and ind.id=wo.id ORDER BY lenth ASC LIMIT 0,20  [ RunTime:0.000667s ]
[ 2012-10-05T15:44:04+08:00 ] NOTIC: [8] Undefined variable: kw a62833cbd1250a21ad9c7c941a5afaf4.php 第 29 行.
[ 2012-10-05T15:44:05+08:00 ] SQL: SHOW COLUMNS FROM `word_index` [ RunTime:0.008076s ]
[ 2012-10-05T15:44:05+08:00 ] SQL: SELECT wo.word,wo.sound,wo.chinese,wo.lenth FROM word_index ind,word wo WHERE letter='a' and ind.id=wo.id ORDER BY lenth ASC LIMIT 0,20  [ RunTime:0.003279s ]
[ 2012-10-05T15:44:05+08:00 ] NOTIC: [8] Undefined variable: reslt IndexAction.class.php 第 56 行.
[ 2012-10-05T15:44:05+08:00 ] SQL: SHOW COLUMNS FROM `word_index` [ RunTime:0.007752s ]
[ 2012-10-05T15:44:05+08:00 ] SQL: SELECT wo.word,wo.sound,wo.chinese,wo.lenth FROM word_index ind,word wo WHERE letter='aa' and ind.id=wo.id ORDER BY lenth ASC LIMIT 0,20  [ RunTime:0.000807s ]
[ 2012-10-05T15:44:10+08:00 ] SQL: SHOW COLUMNS FROM `word_index` [ RunTime:0.007454s ]
[ 2012-10-05T15:44:10+08:00 ] SQL: SELECT wo.word,wo.sound,wo.chinese,wo.lenth FROM word_index ind,word wo WHERE letter='a' and ind.id=wo.id ORDER BY lenth ASC LIMIT 0,20  [ RunTime:0.003754s ]
[ 2012-10-05T15:44:10+08:00 ] NOTIC: [8] Undefined variable: reslt IndexAction.class.php 第 56 行.
[ 2012-10-05T15:44:10+08:00 ] SQL: SHOW COLUMNS FROM `word_index` [ RunTime:0.007391s ]
[ 2012-10-05T15:44:10+08:00 ] SQL: SELECT wo.word,wo.sound,wo.chinese,wo.lenth FROM word_index ind,word wo WHERE letter='' and ind.id=wo.id ORDER BY lenth ASC LIMIT 0,20  [ RunTime:0.000739s ]
[ 2012-10-05T15:44:11+08:00 ] SQL: SHOW COLUMNS FROM `word_index` [ RunTime:0.008492s ]
[ 2012-10-05T15:44:11+08:00 ] SQL: SELECT wo.word,wo.sound,wo.chinese,wo.lenth FROM word_index ind,word wo WHERE letter='C' and ind.id=wo.id ORDER BY lenth ASC LIMIT 0,20  [ RunTime:0.005503s ]
[ 2012-10-05T15:44:11+08:00 ] NOTIC: [8] Undefined variable: reslt IndexAction.class.php 第 56 行.
[ 2012-10-05T15:44:11+08:00 ] SQL: SHOW COLUMNS FROM `word_index` [ RunTime:0.009333s ]
[ 2012-10-05T15:44:11+08:00 ] SQL: SELECT wo.word,wo.sound,wo.chinese,wo.lenth FROM word_index ind,word wo WHERE letter='C' and ind.id=wo.id ORDER BY lenth ASC LIMIT 0,20  [ RunTime:0.005030s ]
[ 2012-10-05T15:44:11+08:00 ] NOTIC: [8] Undefined variable: reslt IndexAction.class.php 第 56 行.
[ 2012-10-05T15:44:13+08:00 ] SQL: SHOW COLUMNS FROM `word_index` [ RunTime:0.010906s ]
[ 2012-10-05T15:44:13+08:00 ] SQL: SELECT wo.word,wo.sound,wo.chinese,wo.lenth FROM word_index ind,word wo WHERE letter='Ch' and ind.id=wo.id ORDER BY lenth ASC LIMIT 0,20  [ RunTime:0.001748s ]
[ 2012-10-05T15:44:13+08:00 ] NOTIC: [8] Undefined variable: reslt IndexAction.class.php 第 56 行.
[ 2012-10-05T15:44:14+08:00 ] SQL: SHOW COLUMNS FROM `word_index` [ RunTime:0.007825s ]
[ 2012-10-05T15:44:14+08:00 ] SQL: SELECT wo.word,wo.sound,wo.chinese,wo.lenth FROM word_index ind,word wo WHERE letter='Chi' and ind.id=wo.id ORDER BY lenth ASC LIMIT 0,20  [ RunTime:0.000830s ]
[ 2012-10-05T15:44:14+08:00 ] NOTIC: [8] Undefined variable: reslt IndexAction.class.php 第 56 行.
[ 2012-10-05T15:44:14+08:00 ] SQL: SHOW COLUMNS FROM `word_index` [ RunTime:0.009454s ]
[ 2012-10-05T15:44:14+08:00 ] SQL: SELECT wo.word,wo.sound,wo.chinese,wo.lenth FROM word_index ind,word wo WHERE letter='Chin' and ind.id=wo.id ORDER BY lenth ASC LIMIT 0,20  [ RunTime:0.000740s ]
[ 2012-10-05T15:44:14+08:00 ] NOTIC: [8] Undefined variable: reslt IndexAction.class.php 第 56 行.
[ 2012-10-05T15:44:14+08:00 ] SQL: SHOW COLUMNS FROM `word_index` [ RunTime:0.007961s ]
[ 2012-10-05T15:44:14+08:00 ] SQL: SELECT wo.word,wo.sound,wo.chinese,wo.lenth FROM word_index ind,word wo WHERE letter='China' and ind.id=wo.id ORDER BY lenth ASC LIMIT 0,20  [ RunTime:0.000828s ]
[ 2012-10-05T15:44:14+08:00 ] NOTIC: [8] Undefined variable: reslt IndexAction.class.php 第 56 行.
[ 2012-10-05T15:44:15+08:00 ] SQL: SHOW COLUMNS FROM `word` [ RunTime:0.014426s ]
[ 2012-10-05T15:44:15+08:00 ] SQL: SELECT * FROM `word` WHERE word='China' [ RunTime:0.000624s ]
[ 2012-10-05T15:45:19+08:00 ] NOTIC: [8] Undefined variable: kw a62833cbd1250a21ad9c7c941a5afaf4.php 第 29 行.
[ 2012-10-05T15:45:20+08:00 ] SQL: SHOW COLUMNS FROM `word_index` [ RunTime:0.007540s ]
[ 2012-10-05T15:45:20+08:00 ] SQL: SELECT wo.word,wo.sound,wo.chinese,wo.lenth FROM word_index ind,word wo WHERE letter='a' and ind.id=wo.id ORDER BY lenth ASC LIMIT 0,20  [ RunTime:0.004096s ]
[ 2012-10-05T15:45:20+08:00 ] NOTIC: [8] Undefined variable: reslt IndexAction.class.php 第 56 行.
[ 2012-10-05T15:45:24+08:00 ] SQL: SHOW COLUMNS FROM `word_index` [ RunTime:0.008858s ]
[ 2012-10-05T15:45:24+08:00 ] SQL: SELECT wo.word,wo.sound,wo.chinese,wo.lenth FROM word_index ind,word wo WHERE letter='ad' and ind.id=wo.id ORDER BY lenth ASC LIMIT 0,20  [ RunTime:0.001117s ]
[ 2012-10-05T15:45:24+08:00 ] NOTIC: [8] Undefined variable: reslt IndexAction.class.php 第 56 行.
[ 2012-10-05T15:45:28+08:00 ] SQL: SHOW COLUMNS FROM `word_index` [ RunTime:0.007664s ]
[ 2012-10-05T15:45:28+08:00 ] SQL: SELECT wo.word,wo.sound,wo.chinese,wo.lenth FROM word_index ind,word wo WHERE letter='admi' and ind.id=wo.id ORDER BY lenth ASC LIMIT 0,20  [ RunTime:0.000838s ]
[ 2012-10-05T15:45:28+08:00 ] NOTIC: [8] Undefined variable: reslt IndexAction.class.php 第 56 行.
[ 2012-10-05T15:45:40+08:00 ] SQL: SHOW COLUMNS FROM `word_index` [ RunTime:0.007978s ]
[ 2012-10-05T15:45:40+08:00 ] SQL: SELECT wo.word,wo.sound,wo.chinese,wo.lenth FROM word_index ind,word wo WHERE letter='admia' and ind.id=wo.id ORDER BY lenth ASC LIMIT 0,20  [ RunTime:0.002048s ]
[ 2012-10-05T15:45:43+08:00 ] NOTIC: [8] Undefined variable: kw a62833cbd1250a21ad9c7c941a5afaf4.php 第 29 行.
[ 2012-10-05T15:45:46+08:00 ] SQL: SHOW COLUMNS FROM `word_index` [ RunTime:0.008185s ]
[ 2012-10-05T15:45:46+08:00 ] SQL: SELECT wo.word,wo.sound,wo.chinese,wo.lenth FROM word_index ind,word wo WHERE letter='C' and ind.id=wo.id ORDER BY lenth ASC LIMIT 0,20  [ RunTime:0.004435s ]
[ 2012-10-05T15:45:46+08:00 ] NOTIC: [8] Undefined variable: reslt IndexAction.class.php 第 56 行.
[ 2012-10-05T15:45:46+08:00 ] SQL: SHOW COLUMNS FROM `word_index` [ RunTime:0.010052s ]
[ 2012-10-05T15:45:46+08:00 ] SQL: SELECT wo.word,wo.sound,wo.chinese,wo.lenth FROM word_index ind,word wo WHERE letter='C' and ind.id=wo.id ORDER BY lenth ASC LIMIT 0,20  [ RunTime:0.007703s ]
[ 2012-10-05T15:45:46+08:00 ] NOTIC: [8] Undefined variable: reslt IndexAction.class.php 第 56 行.
[ 2012-10-05T15:45:52+08:00 ] SQL: SHOW COLUMNS FROM `word_index` [ RunTime:0.011571s ]
[ 2012-10-05T15:45:52+08:00 ] SQL: SELECT wo.word,wo.sound,wo.chinese,wo.lenth FROM word_index ind,word wo WHERE letter='Ch' and ind.id=wo.id ORDER BY lenth ASC LIMIT 0,20  [ RunTime:0.001354s ]
[ 2012-10-05T15:45:52+08:00 ] NOTIC: [8] Undefined variable: reslt IndexAction.class.php 第 56 行.
[ 2012-10-05T15:46:05+08:00 ] SQL: SHOW COLUMNS FROM `word_index` [ RunTime:0.008107s ]
[ 2012-10-05T15:46:05+08:00 ] SQL: SELECT wo.word,wo.sound,wo.chinese,wo.lenth FROM word_index ind,word wo WHERE letter='Cha' and ind.id=wo.id ORDER BY lenth ASC LIMIT 0,20  [ RunTime:0.001144s ]
[ 2012-10-05T15:46:05+08:00 ] NOTIC: [8] Undefined variable: reslt IndexAction.class.php 第 56 行.
[ 2012-10-05T15:46:07+08:00 ] NOTIC: [8] Undefined variable: kw a62833cbd1250a21ad9c7c941a5afaf4.php 第 29 行.
[ 2012-10-05T15:46:09+08:00 ] SQL: SHOW COLUMNS FROM `word_index` [ RunTime:0.012369s ]
[ 2012-10-05T15:46:09+08:00 ] SQL: SELECT wo.word,wo.sound,wo.chinese,wo.lenth FROM word_index ind,word wo WHERE letter='a' and ind.id=wo.id ORDER BY lenth ASC LIMIT 0,20  [ RunTime:0.003423s ]
[ 2012-10-05T15:46:09+08:00 ] NOTIC: [8] Undefined variable: reslt IndexAction.class.php 第 56 行.
[ 2012-10-05T15:48:04+08:00 ] NOTIC: [8] Undefined variable: kw a62833cbd1250a21ad9c7c941a5afaf4.php 第 53 行.
[ 2012-10-05T15:48:09+08:00 ] SQL: SHOW COLUMNS FROM `word` [ RunTime:0.009952s ]
[ 2012-10-05T15:48:09+08:00 ] SQL: SELECT * FROM `word` WHERE word='PHP' [ RunTime:0.019076s ]
[ 2012-10-05T15:48:12+08:00 ] SQL: SHOW COLUMNS FROM `word_index` [ RunTime:0.008953s ]
[ 2012-10-05T15:48:12+08:00 ] SQL: SELECT wo.word,wo.sound,wo.chinese,wo.lenth FROM word_index ind,word wo WHERE letter='PHPa' and ind.id=wo.id ORDER BY lenth ASC LIMIT 0,20  [ RunTime:0.055804s ]
[ 2012-10-05T15:48:14+08:00 ] SQL: SHOW COLUMNS FROM `word_index` [ RunTime:0.007559s ]
[ 2012-10-05T15:48:14+08:00 ] SQL: SELECT wo.word,wo.sound,wo.chinese,wo.lenth FROM word_index ind,word wo WHERE letter='PHPaa' and ind.id=wo.id ORDER BY lenth ASC LIMIT 0,20  [ RunTime:0.000757s ]
[ 2012-10-05T15:48:15+08:00 ] SQL: SHOW COLUMNS FROM `word_index` [ RunTime:0.008011s ]
[ 2012-10-05T15:48:15+08:00 ] SQL: SELECT wo.word,wo.sound,wo.chinese,wo.lenth FROM word_index ind,word wo WHERE letter='PHPaa' and ind.id=wo.id ORDER BY lenth ASC LIMIT 0,20  [ RunTime:0.000661s ]
[ 2012-10-05T15:48:16+08:00 ] SQL: SHOW COLUMNS FROM `word_index` [ RunTime:0.008165s ]
[ 2012-10-05T15:48:16+08:00 ] SQL: SELECT wo.word,wo.sound,wo.chinese,wo.lenth FROM word_index ind,word wo WHERE letter='PHPa' and ind.id=wo.id ORDER BY lenth ASC LIMIT 0,20  [ RunTime:0.000676s ]
[ 2012-10-05T15:48:16+08:00 ] SQL: SHOW COLUMNS FROM `word_index` [ RunTime:0.009877s ]
[ 2012-10-05T15:48:16+08:00 ] SQL: SELECT wo.word,wo.sound,wo.chinese,wo.lenth FROM word_index ind,word wo WHERE letter='PHP' and ind.id=wo.id ORDER BY lenth ASC LIMIT 0,20  [ RunTime:0.001161s ]
[ 2012-10-05T15:48:16+08:00 ] SQL: SHOW COLUMNS FROM `word_index` [ RunTime:0.014945s ]
[ 2012-10-05T15:48:16+08:00 ] SQL: SELECT wo.word,wo.sound,wo.chinese,wo.lenth FROM word_index ind,word wo WHERE letter='PH' and ind.id=wo.id ORDER BY lenth ASC LIMIT 0,20  [ RunTime:0.043519s ]
[ 2012-10-05T15:48:16+08:00 ] NOTIC: [8] Undefined variable: reslt IndexAction.class.php 第 56 行.
[ 2012-10-05T15:48:16+08:00 ] SQL: SHOW COLUMNS FROM `word_index` [ RunTime:0.007757s ]
[ 2012-10-05T15:48:16+08:00 ] SQL: SELECT wo.word,wo.sound,wo.chinese,wo.lenth FROM word_index ind,word wo WHERE letter='P' and ind.id=wo.id ORDER BY lenth ASC LIMIT 0,20  [ RunTime:0.023909s ]
[ 2012-10-05T15:48:16+08:00 ] NOTIC: [8] Undefined variable: reslt IndexAction.class.php 第 56 行.
[ 2012-10-05T15:48:16+08:00 ] SQL: SHOW COLUMNS FROM `word_index` [ RunTime:0.009060s ]
[ 2012-10-05T15:48:16+08:00 ] SQL: SELECT wo.word,wo.sound,wo.chinese,wo.lenth FROM word_index ind,word wo WHERE letter='' and ind.id=wo.id ORDER BY lenth ASC LIMIT 0,20  [ RunTime:0.000654s ]
[ 2012-10-05T15:48:17+08:00 ] SQL: SHOW COLUMNS FROM `word_index` [ RunTime:0.009678s ]
[ 2012-10-05T15:48:17+08:00 ] SQL: SELECT wo.word,wo.sound,wo.chinese,wo.lenth FROM word_index ind,word wo WHERE letter='' and ind.id=wo.id ORDER BY lenth ASC LIMIT 0,20  [ RunTime:0.004119s ]
[ 2012-10-05T15:48:18+08:00 ] SQL: SHOW COLUMNS FROM `word_index` [ RunTime:0.008119s ]
[ 2012-10-05T15:48:18+08:00 ] SQL: SELECT wo.word,wo.sound,wo.chinese,wo.lenth FROM word_index ind,word wo WHERE letter='C' and ind.id=wo.id ORDER BY lenth ASC LIMIT 0,20  [ RunTime:0.004914s ]
[ 2012-10-05T15:48:18+08:00 ] NOTIC: [8] Undefined variable: reslt IndexAction.class.php 第 56 行.
[ 2012-10-05T15:48:31+08:00 ] NOTIC: [8] Undefined variable: kw a62833cbd1250a21ad9c7c941a5afaf4.php 第 53 行.
[ 2012-10-05T15:48:34+08:00 ] SQL: SHOW COLUMNS FROM `word_index` [ RunTime:0.009103s ]
[ 2012-10-05T15:48:34+08:00 ] SQL: SELECT wo.word,wo.sound,wo.chinese,wo.lenth FROM word_index ind,word wo WHERE letter='C' and ind.id=wo.id ORDER BY lenth ASC LIMIT 0,20  [ RunTime:0.004759s ]
[ 2012-10-05T15:48:34+08:00 ] NOTIC: [8] Undefined variable: reslt IndexAction.class.php 第 56 行.
[ 2012-10-05T15:48:34+08:00 ] SQL: SHOW COLUMNS FROM `word_index` [ RunTime:0.008696s ]
[ 2012-10-05T15:48:34+08:00 ] SQL: SELECT wo.word,wo.sound,wo.chinese,wo.lenth FROM word_index ind,word wo WHERE letter='C' and ind.id=wo.id ORDER BY lenth ASC LIMIT 0,20  [ RunTime:0.004602s ]
[ 2012-10-05T15:48:34+08:00 ] NOTIC: [8] Undefined variable: reslt IndexAction.class.php 第 56 行.
[ 2012-10-05T15:48:35+08:00 ] SQL: SHOW COLUMNS FROM `word_index` [ RunTime:0.007941s ]
[ 2012-10-05T15:48:35+08:00 ] SQL: SELECT wo.word,wo.sound,wo.chinese,wo.lenth FROM word_index ind,word wo WHERE letter='C' and ind.id=wo.id ORDER BY lenth ASC LIMIT 0,20  [ RunTime:0.004401s ]
[ 2012-10-05T15:48:35+08:00 ] NOTIC: [8] Undefined variable: reslt IndexAction.class.php 第 56 行.
[ 2012-10-05T15:50:27+08:00 ] NOTIC: [8] Undefined variable: kw a62833cbd1250a21ad9c7c941a5afaf4.php 第 29 行.
[ 2012-10-05T15:50:28+08:00 ] SQL: SHOW COLUMNS FROM `word_index` [ RunTime:0.008527s ]
[ 2012-10-05T15:50:28+08:00 ] SQL: SELECT wo.word,wo.sound,wo.chinese,wo.lenth FROM word_index ind,word wo WHERE letter='a' and ind.id=wo.id ORDER BY lenth ASC LIMIT 0,20  [ RunTime:0.003910s ]
[ 2012-10-05T15:50:28+08:00 ] NOTIC: [8] Undefined variable: reslt IndexAction.class.php 第 56 行.
[ 2012-10-05T15:50:29+08:00 ] SQL: SHOW COLUMNS FROM `word_index` [ RunTime:0.007434s ]
[ 2012-10-05T15:50:29+08:00 ] SQL: SELECT wo.word,wo.sound,wo.chinese,wo.lenth FROM word_index ind,word wo WHERE letter='a' and ind.id=wo.id ORDER BY lenth ASC LIMIT 0,20  [ RunTime:0.003223s ]
[ 2012-10-05T15:50:29+08:00 ] NOTIC: [8] Undefined variable: reslt IndexAction.class.php 第 56 行.
[ 2012-10-05T15:50:43+08:00 ] NOTIC: [8] Undefined variable: kw a62833cbd1250a21ad9c7c941a5afaf4.php 第 29 行.
[ 2012-10-05T15:50:44+08:00 ] SQL: SHOW COLUMNS FROM `word_index` [ RunTime:0.007948s ]
[ 2012-10-05T15:50:44+08:00 ] SQL: SELECT wo.word,wo.sound,wo.chinese,wo.lenth FROM word_index ind,word wo WHERE letter='a' and ind.id=wo.id ORDER BY lenth ASC LIMIT 0,20  [ RunTime:0.003472s ]
[ 2012-10-05T15:50:44+08:00 ] NOTIC: [8] Undefined variable: reslt IndexAction.class.php 第 56 行.
[ 2012-10-05T15:50:45+08:00 ] SQL: SHOW COLUMNS FROM `word_index` [ RunTime:0.008447s ]
[ 2012-10-05T15:50:45+08:00 ] SQL: SELECT wo.word,wo.sound,wo.chinese,wo.lenth FROM word_index ind,word wo WHERE letter='ad' and ind.id=wo.id ORDER BY lenth ASC LIMIT 0,20  [ RunTime:0.001391s ]
[ 2012-10-05T15:50:45+08:00 ] NOTIC: [8] Undefined variable: reslt IndexAction.class.php 第 56 行.
[ 2012-10-05T15:50:46+08:00 ] SQL: SHOW COLUMNS FROM `word_index` [ RunTime:0.007616s ]
[ 2012-10-05T15:50:46+08:00 ] SQL: SELECT wo.word,wo.sound,wo.chinese,wo.lenth FROM word_index ind,word wo WHERE letter='add' and ind.id=wo.id ORDER BY lenth ASC LIMIT 0,20  [ RunTime:0.000781s ]
[ 2012-10-05T15:50:46+08:00 ] NOTIC: [8] Undefined variable: reslt IndexAction.class.php 第 56 行.
[ 2012-10-05T15:50:46+08:00 ] SQL: SHOW COLUMNS FROM `word_index` [ RunTime:0.008964s ]
[ 2012-10-05T15:50:46+08:00 ] SQL: SELECT wo.word,wo.sound,wo.chinese,wo.lenth FROM word_index ind,word wo WHERE letter='addd' and ind.id=wo.id ORDER BY lenth ASC LIMIT 0,20  [ RunTime:0.000685s ]
[ 2012-10-05T15:50:46+08:00 ] SQL: SHOW COLUMNS FROM `word_index` [ RunTime:0.009046s ]
[ 2012-10-05T15:50:46+08:00 ] SQL: SELECT wo.word,wo.sound,wo.chinese,wo.lenth FROM word_index ind,word wo WHERE letter='adddd' and ind.id=wo.id ORDER BY lenth ASC LIMIT 0,20  [ RunTime:0.000957s ]
[ 2012-10-05T15:51:06+08:00 ] NOTIC: [8] Undefined variable: kw a62833cbd1250a21ad9c7c941a5afaf4.php 第 29 行.
[ 2012-10-05T15:51:08+08:00 ] SQL: SHOW COLUMNS FROM `word_index` [ RunTime:0.010253s ]
[ 2012-10-05T15:51:08+08:00 ] SQL: SELECT wo.word,wo.sound,wo.chinese,wo.lenth FROM word_index ind,word wo WHERE letter='a' and ind.id=wo.id ORDER BY lenth ASC LIMIT 0,20  [ RunTime:0.003779s ]
[ 2012-10-05T15:51:08+08:00 ] NOTIC: [8] Undefined variable: reslt IndexAction.class.php 第 56 行.
[ 2012-10-05T15:51:08+08:00 ] SQL: SHOW COLUMNS FROM `word_index` [ RunTime:0.007133s ]
[ 2012-10-05T15:51:08+08:00 ] SQL: SELECT wo.word,wo.sound,wo.chinese,wo.lenth FROM word_index ind,word wo WHERE letter='aa' and ind.id=wo.id ORDER BY lenth ASC LIMIT 0,20  [ RunTime:0.001095s ]
[ 2012-10-05T15:51:08+08:00 ] SQL: SHOW COLUMNS FROM `word_index` [ RunTime:0.014619s ]
[ 2012-10-05T15:51:08+08:00 ] SQL: SELECT wo.word,wo.sound,wo.chinese,wo.lenth FROM word_index ind,word wo WHERE letter='aaa' and ind.id=wo.id ORDER BY lenth ASC LIMIT 0,20  [ RunTime:0.001258s ]
[ 2012-10-05T15:51:09+08:00 ] SQL: SHOW COLUMNS FROM `word_index` [ RunTime:0.007765s ]
[ 2012-10-05T15:51:09+08:00 ] SQL: SELECT wo.word,wo.sound,wo.chinese,wo.lenth FROM word_index ind,word wo WHERE letter='aaaa' and ind.id=wo.id ORDER BY lenth ASC LIMIT 0,20  [ RunTime:0.001102s ]
[ 2012-10-05T15:51:09+08:00 ] SQL: SHOW COLUMNS FROM `word_index` [ RunTime:0.007986s ]
[ 2012-10-05T15:51:09+08:00 ] SQL: SELECT wo.word,wo.sound,wo.chinese,wo.lenth FROM word_index ind,word wo WHERE letter='aaaaa' and ind.id=wo.id ORDER BY lenth ASC LIMIT 0,20  [ RunTime:0.000772s ]
[ 2012-10-05T15:51:09+08:00 ] SQL: SHOW COLUMNS FROM `word_index` [ RunTime:0.008968s ]
[ 2012-10-05T15:51:09+08:00 ] SQL: SELECT wo.word,wo.sound,wo.chinese,wo.lenth FROM word_index ind,word wo WHERE letter='aaaaaa' and ind.id=wo.id ORDER BY lenth ASC LIMIT 0,20  [ RunTime:0.001055s ]
[ 2012-10-05T15:51:09+08:00 ] SQL: SHOW COLUMNS FROM `word_index` [ RunTime:0.009100s ]
[ 2012-10-05T15:51:09+08:00 ] SQL: SELECT wo.word,wo.sound,wo.chinese,wo.lenth FROM word_index ind,word wo WHERE letter='aaaaaaa' and ind.id=wo.id ORDER BY lenth ASC LIMIT 0,20  [ RunTime:0.000993s ]
[ 2012-10-05T15:51:10+08:00 ] SQL: SHOW COLUMNS FROM `word_index` [ RunTime:0.008277s ]
[ 2012-10-05T15:51:10+08:00 ] SQL: SELECT wo.word,wo.sound,wo.chinese,wo.lenth FROM word_index ind,word wo WHERE letter='aaaaaaaa' and ind.id=wo.id ORDER BY lenth ASC LIMIT 0,20  [ RunTime:0.000752s ]
[ 2012-10-05T15:51:55+08:00 ] SQL: SHOW COLUMNS FROM `word_index` [ RunTime:0.007877s ]
[ 2012-10-05T15:51:55+08:00 ] SQL: SELECT wo.word,wo.sound,wo.chinese,wo.lenth FROM word_index ind,word wo WHERE letter='aaaaaaaaaa' and ind.id=wo.id ORDER BY lenth ASC LIMIT 0,20  [ RunTime:0.000929s ]
[ 2012-10-05T15:52:16+08:00 ] NOTIC: [8] Undefined variable: kw a62833cbd1250a21ad9c7c941a5afaf4.php 第 29 行.
[ 2012-10-05T15:52:18+08:00 ] SQL: SHOW COLUMNS FROM `word_index` [ RunTime:0.017049s ]
[ 2012-10-05T15:52:18+08:00 ] SQL: SELECT wo.word,wo.sound,wo.chinese,wo.lenth FROM word_index ind,word wo WHERE letter='a' and ind.id=wo.id ORDER BY lenth ASC LIMIT 0,20  [ RunTime:0.004599s ]
[ 2012-10-05T15:52:18+08:00 ] NOTIC: [8] Undefined variable: reslt IndexAction.class.php 第 56 行.
[ 2012-10-05T15:52:19+08:00 ] SQL: SHOW COLUMNS FROM `word_index` [ RunTime:0.008027s ]
[ 2012-10-05T15:52:19+08:00 ] SQL: SELECT wo.word,wo.sound,wo.chinese,wo.lenth FROM word_index ind,word wo WHERE letter='aaaaaaaa' and ind.id=wo.id ORDER BY lenth ASC LIMIT 0,20  [ RunTime:0.000962s ]
[ 2012-10-05T15:52:19+08:00 ] SQL: SHOW COLUMNS FROM `word_index` [ RunTime:0.007538s ]
[ 2012-10-05T15:52:19+08:00 ] SQL: SELECT wo.word,wo.sound,wo.chinese,wo.lenth FROM word_index ind,word wo WHERE letter='aaaaaaaaa' and ind.id=wo.id ORDER BY lenth ASC LIMIT 0,20  [ RunTime:0.000731s ]
[ 2012-10-05T15:53:17+08:00 ] SQL: SHOW COLUMNS FROM `word_index` [ RunTime:0.008587s ]
[ 2012-10-05T15:53:17+08:00 ] SQL: SELECT wo.word,wo.sound,wo.chinese,wo.lenth FROM word_index ind,word wo WHERE letter='' and ind.id=wo.id ORDER BY lenth ASC LIMIT 0,20  [ RunTime:0.000679s ]
[ 2012-10-05T15:53:18+08:00 ] NOTIC: [2] file_get_contents(./home/Tpl/default/Public/show.html) [<a href='function.file-get-contents'>function.file-get-contents</a>]: failed to open stream: No such file or directory ThinkTemplate.class.php 第 770 行.
[ 2012-10-05T15:53:18+08:00 ] NOTIC: [8] Undefined variable: kw a62833cbd1250a21ad9c7c941a5afaf4.php 第 29 行.
[ 2012-10-05T15:53:20+08:00 ] SQL: SHOW COLUMNS FROM `word_index` [ RunTime:0.013388s ]
[ 2012-10-05T15:53:20+08:00 ] SQL: SELECT wo.word,wo.sound,wo.chinese,wo.lenth FROM word_index ind,word wo WHERE letter='a' and ind.id=wo.id ORDER BY lenth ASC LIMIT 0,20  [ RunTime:0.006905s ]
[ 2012-10-05T15:53:20+08:00 ] NOTIC: [8] Undefined variable: reslt IndexAction.class.php 第 56 行.
[ 2012-10-05T15:53:21+08:00 ] SQL: SHOW COLUMNS FROM `word_index` [ RunTime:0.008074s ]
[ 2012-10-05T15:53:21+08:00 ] SQL: SELECT wo.word,wo.sound,wo.chinese,wo.lenth FROM word_index ind,word wo WHERE letter='aaaaaaaa' and ind.id=wo.id ORDER BY lenth ASC LIMIT 0,20  [ RunTime:0.000689s ]
[ 2012-10-05T15:53:22+08:00 ] SQL: SHOW COLUMNS FROM `word_index` [ RunTime:0.007355s ]
[ 2012-10-05T15:53:22+08:00 ] SQL: SELECT wo.word,wo.sound,wo.chinese,wo.lenth FROM word_index ind,word wo WHERE letter='aaaaaaaaaa' and ind.id=wo.id ORDER BY lenth ASC LIMIT 0,20  [ RunTime:0.000699s ]
[ 2012-10-05T15:53:23+08:00 ] SQL: SHOW COLUMNS FROM `word_index` [ RunTime:0.010401s ]
[ 2012-10-05T15:53:23+08:00 ] SQL: SELECT wo.word,wo.sound,wo.chinese,wo.lenth FROM word_index ind,word wo WHERE letter='aaaaaaaaaaa' and ind.id=wo.id ORDER BY lenth ASC LIMIT 0,20  [ RunTime:0.000725s ]
[ 2012-10-05T15:53:24+08:00 ] SQL: SHOW COLUMNS FROM `word_index` [ RunTime:0.010018s ]
[ 2012-10-05T15:53:24+08:00 ] SQL: SELECT wo.word,wo.sound,wo.chinese,wo.lenth FROM word_index ind,word wo WHERE letter='aaaaaaaaaaaa' and ind.id=wo.id ORDER BY lenth ASC LIMIT 0,20  [ RunTime:0.001049s ]
[ 2012-10-05T15:53:26+08:00 ] SQL: SHOW COLUMNS FROM `word_index` [ RunTime:0.008455s ]
[ 2012-10-05T15:53:26+08:00 ] SQL: SELECT wo.word,wo.sound,wo.chinese,wo.lenth FROM word_index ind,word wo WHERE letter='' and ind.id=wo.id ORDER BY lenth ASC LIMIT 0,20  [ RunTime:0.000881s ]
[ 2012-10-05T15:53:27+08:00 ] SQL: SHOW COLUMNS FROM `word_index` [ RunTime:0.007640s ]
[ 2012-10-05T15:53:27+08:00 ] SQL: SELECT wo.word,wo.sound,wo.chinese,wo.lenth FROM word_index ind,word wo WHERE letter='a' and ind.id=wo.id ORDER BY lenth ASC LIMIT 0,20  [ RunTime:0.003522s ]
[ 2012-10-05T15:53:27+08:00 ] NOTIC: [8] Undefined variable: reslt IndexAction.class.php 第 56 行.
[ 2012-10-05T15:53:32+08:00 ] NOTIC: [2] file_get_contents(./home/Tpl/default/Public/show.html) [<a href='function.file-get-contents'>function.file-get-contents</a>]: failed to open stream: No such file or directory ThinkTemplate.class.php 第 770 行.
[ 2012-10-05T15:53:32+08:00 ] NOTIC: [8] Undefined variable: kw a62833cbd1250a21ad9c7c941a5afaf4.php 第 29 行.
[ 2012-10-05T15:53:33+08:00 ] SQL: SHOW COLUMNS FROM `word_index` [ RunTime:0.010434s ]
[ 2012-10-05T15:53:33+08:00 ] SQL: SELECT wo.word,wo.sound,wo.chinese,wo.lenth FROM word_index ind,word wo WHERE letter='a' and ind.id=wo.id ORDER BY lenth ASC LIMIT 0,20  [ RunTime:0.003143s ]
[ 2012-10-05T15:53:33+08:00 ] NOTIC: [8] Undefined variable: reslt IndexAction.class.php 第 56 行.
[ 2012-10-05T15:53:34+08:00 ] SQL: SHOW COLUMNS FROM `word_index` [ RunTime:0.008335s ]
[ 2012-10-05T15:53:34+08:00 ] SQL: SELECT wo.word,wo.sound,wo.chinese,wo.lenth FROM word_index ind,word wo WHERE letter='aa' and ind.id=wo.id ORDER BY lenth ASC LIMIT 0,20  [ RunTime:0.000785s ]
[ 2012-10-05T15:53:34+08:00 ] SQL: SHOW COLUMNS FROM `word_index` [ RunTime:0.007178s ]
[ 2012-10-05T15:53:34+08:00 ] SQL: SELECT wo.word,wo.sound,wo.chinese,wo.lenth FROM word_index ind,word wo WHERE letter='aaa' and ind.id=wo.id ORDER BY lenth ASC LIMIT 0,20  [ RunTime:0.000891s ]
[ 2012-10-05T15:53:34+08:00 ] SQL: SHOW COLUMNS FROM `word_index` [ RunTime:0.011199s ]
[ 2012-10-05T15:53:34+08:00 ] SQL: SELECT wo.word,wo.sound,wo.chinese,wo.lenth FROM word_index ind,word wo WHERE letter='aaaa' and ind.id=wo.id ORDER BY lenth ASC LIMIT 0,20  [ RunTime:0.000998s ]
[ 2012-10-05T15:53:37+08:00 ] SQL: SHOW COLUMNS FROM `word` [ RunTime:0.012362s ]
[ 2012-10-05T15:53:37+08:00 ] SQL: SELECT * FROM `word` WHERE word='aaaa' [ RunTime:0.000852s ]
[ 2012-10-05T15:53:38+08:00 ] SQL: SHOW COLUMNS FROM `word_index` [ RunTime:0.007468s ]
[ 2012-10-05T15:53:38+08:00 ] SQL: SELECT wo.word,wo.sound,wo.chinese,wo.lenth FROM word_index ind,word wo WHERE letter='aaaaa' and ind.id=wo.id ORDER BY lenth ASC LIMIT 0,20  [ RunTime:0.000689s ]
[ 2012-10-05T15:53:38+08:00 ] SQL: SHOW COLUMNS FROM `word_index` [ RunTime:0.009433s ]
[ 2012-10-05T15:53:38+08:00 ] SQL: SELECT wo.word,wo.sound,wo.chinese,wo.lenth FROM word_index ind,word wo WHERE letter='aaaaaa' and ind.id=wo.id ORDER BY lenth ASC LIMIT 0,20  [ RunTime:0.000649s ]
[ 2012-10-05T15:53:39+08:00 ] SQL: SHOW COLUMNS FROM `word_index` [ RunTime:0.010032s ]
[ 2012-10-05T15:53:39+08:00 ] SQL: SELECT wo.word,wo.sound,wo.chinese,wo.lenth FROM word_index ind,word wo WHERE letter='aaaaaaa' and ind.id=wo.id ORDER BY lenth ASC LIMIT 0,20  [ RunTime:0.001364s ]
[ 2012-10-05T15:53:44+08:00 ] SQL: SHOW COLUMNS FROM `word_index` [ RunTime:0.008057s ]
[ 2012-10-05T15:53:44+08:00 ] SQL: SELECT wo.word,wo.sound,wo.chinese,wo.lenth FROM word_index ind,word wo WHERE letter='aaaaaaaa' and ind.id=wo.id ORDER BY lenth ASC LIMIT 0,20  [ RunTime:0.001199s ]
[ 2012-10-05T15:53:45+08:00 ] SQL: SHOW COLUMNS FROM `word_index` [ RunTime:0.008813s ]
[ 2012-10-05T15:53:45+08:00 ] SQL: SELECT wo.word,wo.sound,wo.chinese,wo.lenth FROM word_index ind,word wo WHERE letter='aaaaaaaaa' and ind.id=wo.id ORDER BY lenth ASC LIMIT 0,20  [ RunTime:0.000772s ]
[ 2012-10-05T15:53:47+08:00 ] SQL: SHOW COLUMNS FROM `word_index` [ RunTime:0.007891s ]
[ 2012-10-05T15:53:47+08:00 ] SQL: SELECT wo.word,wo.sound,wo.chinese,wo.lenth FROM word_index ind,word wo WHERE letter='' and ind.id=wo.id ORDER BY lenth ASC LIMIT 0,20  [ RunTime:0.000707s ]
[ 2012-10-05T15:53:47+08:00 ] SQL: SHOW COLUMNS FROM `word_index` [ RunTime:0.008044s ]
[ 2012-10-05T15:53:47+08:00 ] SQL: SELECT wo.word,wo.sound,wo.chinese,wo.lenth FROM word_index ind,word wo WHERE letter='a' and ind.id=wo.id ORDER BY lenth ASC LIMIT 0,20  [ RunTime:0.003710s ]
[ 2012-10-05T15:53:47+08:00 ] NOTIC: [8] Undefined variable: reslt IndexAction.class.php 第 56 行.
[ 2012-10-05T15:53:48+08:00 ] SQL: SHOW COLUMNS FROM `word_index` [ RunTime:0.008690s ]
[ 2012-10-05T15:53:48+08:00 ] SQL: SELECT wo.word,wo.sound,wo.chinese,wo.lenth FROM word_index ind,word wo WHERE letter='aa' and ind.id=wo.id ORDER BY lenth ASC LIMIT 0,20  [ RunTime:0.000945s ]
[ 2012-10-05T15:53:48+08:00 ] SQL: SHOW COLUMNS FROM `word_index` [ RunTime:0.007867s ]
[ 2012-10-05T15:53:48+08:00 ] SQL: SELECT wo.word,wo.sound,wo.chinese,wo.lenth FROM word_index ind,word wo WHERE letter='aaa' and ind.id=wo.id ORDER BY lenth ASC LIMIT 0,20  [ RunTime:0.000654s ]
[ 2012-10-05T15:53:49+08:00 ] SQL: SHOW COLUMNS FROM `word` [ RunTime:0.009616s ]
[ 2012-10-05T15:53:49+08:00 ] SQL: SELECT * FROM `word` WHERE word='aaa' [ RunTime:0.001208s ]
[ 2012-10-05T15:53:51+08:00 ] SQL: SHOW COLUMNS FROM `word_index` [ RunTime:0.007486s ]
[ 2012-10-05T15:53:51+08:00 ] SQL: SELECT wo.word,wo.sound,wo.chinese,wo.lenth FROM word_index ind,word wo WHERE letter='aaaa' and ind.id=wo.id ORDER BY lenth ASC LIMIT 0,20  [ RunTime:0.000651s ]
[ 2012-10-05T15:53:55+08:00 ] SQL: SHOW COLUMNS FROM `word_index` [ RunTime:0.009886s ]
[ 2012-10-05T15:53:55+08:00 ] SQL: SELECT wo.word,wo.sound,wo.chinese,wo.lenth FROM word_index ind,word wo WHERE letter='aaaaaaaaaaaaaaaaaa' and ind.id=wo.id ORDER BY lenth ASC LIMIT 0,20  [ RunTime:0.000841s ]
[ 2012-10-05T15:53:56+08:00 ] SQL: SHOW COLUMNS FROM `word_index` [ RunTime:0.007481s ]
[ 2012-10-05T15:53:56+08:00 ] SQL: SELECT wo.word,wo.sound,wo.chinese,wo.lenth FROM word_index ind,word wo WHERE letter='aaaaaaaaaaaaaaaaaaa' and ind.id=wo.id ORDER BY lenth ASC LIMIT 0,20  [ RunTime:0.000790s ]
[ 2012-10-05T15:55:06+08:00 ] NOTIC: [8] Undefined variable: kw a62833cbd1250a21ad9c7c941a5afaf4.php 第 29 行.
[ 2012-10-05T15:55:09+08:00 ] SQL: SHOW COLUMNS FROM `word_index` [ RunTime:0.007441s ]
[ 2012-10-05T15:55:09+08:00 ] SQL: SELECT wo.word,wo.sound,wo.chinese,wo.lenth FROM word_index ind,word wo WHERE letter='a' and ind.id=wo.id ORDER BY lenth ASC LIMIT 0,20  [ RunTime:0.003297s ]
[ 2012-10-05T15:55:09+08:00 ] NOTIC: [8] Undefined variable: reslt IndexAction.class.php 第 56 行.
[ 2012-10-05T15:55:10+08:00 ] SQL: SHOW COLUMNS FROM `word_index` [ RunTime:0.008154s ]
[ 2012-10-05T15:55:10+08:00 ] SQL: SELECT wo.word,wo.sound,wo.chinese,wo.lenth FROM word_index ind,word wo WHERE letter='aa' and ind.id=wo.id ORDER BY lenth ASC LIMIT 0,20  [ RunTime:0.000669s ]
[ 2012-10-05T15:55:10+08:00 ] SQL: SHOW COLUMNS FROM `word_index` [ RunTime:0.007682s ]
[ 2012-10-05T15:55:10+08:00 ] SQL: SELECT wo.word,wo.sound,wo.chinese,wo.lenth FROM word_index ind,word wo WHERE letter='aaa' and ind.id=wo.id ORDER BY lenth ASC LIMIT 0,20  [ RunTime:0.000682s ]
[ 2012-10-05T15:55:10+08:00 ] SQL: SHOW COLUMNS FROM `word_index` [ RunTime:0.009354s ]
[ 2012-10-05T15:55:10+08:00 ] SQL: SELECT wo.word,wo.sound,wo.chinese,wo.lenth FROM word_index ind,word wo WHERE letter='aaaa' and ind.id=wo.id ORDER BY lenth ASC LIMIT 0,20  [ RunTime:0.001000s ]
[ 2012-10-05T15:55:11+08:00 ] SQL: SHOW COLUMNS FROM `word_index` [ RunTime:0.009112s ]
[ 2012-10-05T15:55:11+08:00 ] SQL: SELECT wo.word,wo.sound,wo.chinese,wo.lenth FROM word_index ind,word wo WHERE letter='aaaaa' and ind.id=wo.id ORDER BY lenth ASC LIMIT 0,20  [ RunTime:0.000996s ]
[ 2012-10-05T15:55:11+08:00 ] SQL: SHOW COLUMNS FROM `word_index` [ RunTime:0.009534s ]
[ 2012-10-05T15:55:11+08:00 ] SQL: SELECT wo.word,wo.sound,wo.chinese,wo.lenth FROM word_index ind,word wo WHERE letter='aaaaaa' and ind.id=wo.id ORDER BY lenth ASC LIMIT 0,20  [ RunTime:0.001156s ]
[ 2012-10-05T15:57:04+08:00 ] NOTIC: [8] Undefined variable: kw a62833cbd1250a21ad9c7c941a5afaf4.php 第 29 行.
[ 2012-10-05T15:57:06+08:00 ] SQL: SHOW COLUMNS FROM `word_index` [ RunTime:0.008730s ]
[ 2012-10-05T15:57:06+08:00 ] SQL: SELECT wo.word,wo.sound,wo.chinese,wo.lenth FROM word_index ind,word wo WHERE letter='a' and ind.id=wo.id ORDER BY lenth ASC LIMIT 0,20  [ RunTime:0.003642s ]
[ 2012-10-05T15:57:06+08:00 ] NOTIC: [8] Undefined variable: reslt IndexAction.class.php 第 56 行.
[ 2012-10-05T15:57:07+08:00 ] SQL: SHOW COLUMNS FROM `word_index` [ RunTime:0.009952s ]
[ 2012-10-05T15:57:07+08:00 ] SQL: SELECT wo.word,wo.sound,wo.chinese,wo.lenth FROM word_index ind,word wo WHERE letter='aa' and ind.id=wo.id ORDER BY lenth ASC LIMIT 0,20  [ RunTime:0.001898s ]
[ 2012-10-05T15:57:08+08:00 ] SQL: SHOW COLUMNS FROM `word_index` [ RunTime:0.009201s ]
[ 2012-10-05T15:57:08+08:00 ] SQL: SELECT wo.word,wo.sound,wo.chinese,wo.lenth FROM word_index ind,word wo WHERE letter='aaa' and ind.id=wo.id ORDER BY lenth ASC LIMIT 0,20  [ RunTime:0.000834s ]
[ 2012-10-05T15:58:50+08:00 ] NOTIC: [8] Undefined variable: kw a62833cbd1250a21ad9c7c941a5afaf4.php 第 23 行.
[ 2012-10-05T15:59:00+08:00 ] NOTIC: [8] Undefined variable: kw a62833cbd1250a21ad9c7c941a5afaf4.php 第 23 行.
[ 2012-10-05T15:59:00+08:00 ] NOTIC: [8] Undefined variable: kw a62833cbd1250a21ad9c7c941a5afaf4.php 第 23 行.
[ 2012-10-05T15:59:08+08:00 ] SQL: SHOW COLUMNS FROM `word` [ RunTime:0.014892s ]
[ 2012-10-05T15:59:08+08:00 ] SQL: SELECT * FROM `word` WHERE word='aaaaaaaaaaa' [ RunTime:0.001749s ]
[ 2012-10-05T15:59:10+08:00 ] SQL: SHOW COLUMNS FROM `word_index` [ RunTime:0.011400s ]
[ 2012-10-05T15:59:10+08:00 ] SQL: SELECT wo.word,wo.sound,wo.chinese,wo.lenth FROM word_index ind,word wo WHERE letter='aaaaaaaaaaaa' and ind.id=wo.id ORDER BY lenth ASC LIMIT 0,20  [ RunTime:0.001068s ]
[ 2012-10-05T15:59:11+08:00 ] SQL: SHOW COLUMNS FROM `word_index` [ RunTime:0.007874s ]
[ 2012-10-05T15:59:11+08:00 ] SQL: SELECT wo.word,wo.sound,wo.chinese,wo.lenth FROM word_index ind,word wo WHERE letter='aaaaaaaaaaaaa' and ind.id=wo.id ORDER BY lenth ASC LIMIT 0,20  [ RunTime:0.000730s ]
[ 2012-10-05T15:59:11+08:00 ] SQL: SHOW COLUMNS FROM `word_index` [ RunTime:0.009713s ]
[ 2012-10-05T15:59:11+08:00 ] SQL: SELECT wo.word,wo.sound,wo.chinese,wo.lenth FROM word_index ind,word wo WHERE letter='aaaaaaaaaaaaaa' and ind.id=wo.id ORDER BY lenth ASC LIMIT 0,20  [ RunTime:0.000932s ]
[ 2012-10-05T15:59:39+08:00 ] SQL: SHOW COLUMNS FROM `word` [ RunTime:0.034427s ]
[ 2012-10-05T15:59:39+08:00 ] SQL: SELECT * FROM `word` WHERE word='aaaaaaaaaaa' [ RunTime:0.000793s ]
[ 2012-10-05T15:59:41+08:00 ] SQL: SHOW COLUMNS FROM `word_index` [ RunTime:0.007688s ]
[ 2012-10-05T15:59:41+08:00 ] SQL: SELECT wo.word,wo.sound,wo.chinese,wo.lenth FROM word_index ind,word wo WHERE letter='aaaaaaaaaaaa' and ind.id=wo.id ORDER BY lenth ASC LIMIT 0,20  [ RunTime:0.000897s ]
[ 2012-10-05T15:59:41+08:00 ] SQL: SHOW COLUMNS FROM `word_index` [ RunTime:0.007933s ]
[ 2012-10-05T15:59:41+08:00 ] SQL: SELECT wo.word,wo.sound,wo.chinese,wo.lenth FROM word_index ind,word wo WHERE letter='aaaaaaaaaaaaa' and ind.id=wo.id ORDER BY lenth ASC LIMIT 0,20  [ RunTime:0.000743s ]
[ 2012-10-05T15:59:42+08:00 ] SQL: SHOW COLUMNS FROM `word_index` [ RunTime:0.007461s ]
[ 2012-10-05T15:59:42+08:00 ] SQL: SELECT wo.word,wo.sound,wo.chinese,wo.lenth FROM word_index ind,word wo WHERE letter='aaaaaaaaaaaaaa' and ind.id=wo.id ORDER BY lenth ASC LIMIT 0,20  [ RunTime:0.000705s ]
[ 2012-10-05T15:59:42+08:00 ] SQL: SHOW COLUMNS FROM `word_index` [ RunTime:0.008629s ]
[ 2012-10-05T15:59:42+08:00 ] SQL: SELECT wo.word,wo.sound,wo.chinese,wo.lenth FROM word_index ind,word wo WHERE letter='aaaaaaaaaaaaaaa' and ind.id=wo.id ORDER BY lenth ASC LIMIT 0,20  [ RunTime:0.000810s ]
[ 2012-10-05T15:59:43+08:00 ] SQL: SHOW COLUMNS FROM `word_index` [ RunTime:0.014311s ]
[ 2012-10-05T15:59:43+08:00 ] SQL: SELECT wo.word,wo.sound,wo.chinese,wo.lenth FROM word_index ind,word wo WHERE letter='aaaaaaaaaaaaaaaaaaaaaa' and ind.id=wo.id ORDER BY lenth ASC LIMIT 0,20  [ RunTime:0.001155s ]
[ 2012-10-05T15:59:49+08:00 ] NOTIC: [8] Undefined variable: kw a62833cbd1250a21ad9c7c941a5afaf4.php 第 23 行.
[ 2012-10-05T16:00:05+08:00 ] NOTIC: [8] Undefined variable: kw a62833cbd1250a21ad9c7c941a5afaf4.php 第 23 行.
[ 2012-10-05T16:01:02+08:00 ] SQL: SHOW COLUMNS FROM `word` [ RunTime:0.010979s ]
[ 2012-10-05T16:01:02+08:00 ] SQL: SELECT * FROM `word` WHERE word='ssss' [ RunTime:0.013607s ]
[ 2012-10-05T16:01:04+08:00 ] SQL: SHOW COLUMNS FROM `word_index` [ RunTime:0.015630s ]
[ 2012-10-05T16:01:04+08:00 ] SQL: SELECT wo.word,wo.sound,wo.chinese,wo.lenth FROM word_index ind,word wo WHERE letter='ssssb' and ind.id=wo.id ORDER BY lenth ASC LIMIT 0,20  [ RunTime:0.042971s ]
[ 2012-10-05T16:01:05+08:00 ] SQL: SHOW COLUMNS FROM `word_index` [ RunTime:0.008037s ]
[ 2012-10-05T16:01:05+08:00 ] SQL: SELECT wo.word,wo.sound,wo.chinese,wo.lenth FROM word_index ind,word wo WHERE letter='ssssbb' and ind.id=wo.id ORDER BY lenth ASC LIMIT 0,20  [ RunTime:0.000930s ]
[ 2012-10-05T16:01:05+08:00 ] SQL: SHOW COLUMNS FROM `word_index` [ RunTime:0.007630s ]
[ 2012-10-05T16:01:05+08:00 ] SQL: SELECT wo.word,wo.sound,wo.chinese,wo.lenth FROM word_index ind,word wo WHERE letter='ssssbbb' and ind.id=wo.id ORDER BY lenth ASC LIMIT 0,20  [ RunTime:0.000724s ]
[ 2012-10-05T16:01:05+08:00 ] SQL: SHOW COLUMNS FROM `word_index` [ RunTime:0.009464s ]
[ 2012-10-05T16:01:05+08:00 ] SQL: SELECT wo.word,wo.sound,wo.chinese,wo.lenth FROM word_index ind,word wo WHERE letter='ssssbbbb' and ind.id=wo.id ORDER BY lenth ASC LIMIT 0,20  [ RunTime:0.000946s ]
[ 2012-10-05T16:01:57+08:00 ] NOTIC: [8] Undefined variable: kw a62833cbd1250a21ad9c7c941a5afaf4.php 第 23 行.
[ 2012-10-05T16:02:07+08:00 ] NOTIC: [8] Undefined variable: kw a62833cbd1250a21ad9c7c941a5afaf4.php 第 29 行.
[ 2012-10-05T16:02:08+08:00 ] SQL: SHOW COLUMNS FROM `word_index` [ RunTime:0.008138s ]
[ 2012-10-05T16:02:08+08:00 ] SQL: SELECT wo.word,wo.sound,wo.chinese,wo.lenth FROM word_index ind,word wo WHERE letter='a' and ind.id=wo.id ORDER BY lenth ASC LIMIT 0,20  [ RunTime:0.004192s ]
[ 2012-10-05T16:02:08+08:00 ] NOTIC: [8] Undefined variable: reslt IndexAction.class.php 第 56 行.
[ 2012-10-05T16:02:08+08:00 ] SQL: SHOW COLUMNS FROM `word_index` [ RunTime:0.008047s ]
[ 2012-10-05T16:02:08+08:00 ] SQL: SELECT wo.word,wo.sound,wo.chinese,wo.lenth FROM word_index ind,word wo WHERE letter='aa' and ind.id=wo.id ORDER BY lenth ASC LIMIT 0,20  [ RunTime:0.001131s ]
[ 2012-10-05T16:02:09+08:00 ] SQL: SHOW COLUMNS FROM `word_index` [ RunTime:0.008702s ]
[ 2012-10-05T16:02:09+08:00 ] SQL: SELECT wo.word,wo.sound,wo.chinese,wo.lenth FROM word_index ind,word wo WHERE letter='aaa' and ind.id=wo.id ORDER BY lenth ASC LIMIT 0,20  [ RunTime:0.002261s ]
[ 2012-10-05T16:02:09+08:00 ] SQL: SHOW COLUMNS FROM `word_index` [ RunTime:0.007430s ]
[ 2012-10-05T16:02:09+08:00 ] SQL: SELECT wo.word,wo.sound,wo.chinese,wo.lenth FROM word_index ind,word wo WHERE letter='aaaa' and ind.id=wo.id ORDER BY lenth ASC LIMIT 0,20  [ RunTime:0.000796s ]
[ 2012-10-05T16:02:10+08:00 ] SQL: SHOW COLUMNS FROM `word_index` [ RunTime:0.010020s ]
[ 2012-10-05T16:02:10+08:00 ] SQL: SELECT wo.word,wo.sound,wo.chinese,wo.lenth FROM word_index ind,word wo WHERE letter='aaaaa' and ind.id=wo.id ORDER BY lenth ASC LIMIT 0,20  [ RunTime:0.000891s ]
[ 2012-10-05T16:02:10+08:00 ] SQL: SHOW COLUMNS FROM `word_index` [ RunTime:0.010259s ]
[ 2012-10-05T16:02:10+08:00 ] SQL: SELECT wo.word,wo.sound,wo.chinese,wo.lenth FROM word_index ind,word wo WHERE letter='aaaaaa' and ind.id=wo.id ORDER BY lenth ASC LIMIT 0,20  [ RunTime:0.000909s ]
[ 2012-10-05T16:02:10+08:00 ] SQL: SHOW COLUMNS FROM `word_index` [ RunTime:0.010357s ]
[ 2012-10-05T16:02:10+08:00 ] SQL: SELECT wo.word,wo.sound,wo.chinese,wo.lenth FROM word_index ind,word wo WHERE letter='aaaaaaa' and ind.id=wo.id ORDER BY lenth ASC LIMIT 0,20  [ RunTime:0.001315s ]
[ 2012-10-05T16:09:09+08:00 ] NOTIC: [8] Undefined variable: kw a62833cbd1250a21ad9c7c941a5afaf4.php 第 29 行.
[ 2012-10-05T16:09:11+08:00 ] SQL: SHOW COLUMNS FROM `word_index` [ RunTime:0.010177s ]
[ 2012-10-05T16:09:11+08:00 ] SQL: SELECT wo.word,wo.sound,wo.chinese,wo.lenth FROM word_index ind,word wo WHERE letter='a' and ind.id=wo.id ORDER BY lenth ASC LIMIT 0,20  [ RunTime:0.003478s ]
[ 2012-10-05T16:09:11+08:00 ] NOTIC: [8] Undefined offset: 0 IndexAction.class.php 第 65 行.
[ 2012-10-05T16:09:11+08:00 ] NOTIC: [8] Undefined offset: 1 IndexAction.class.php 第 65 行.
[ 2012-10-05T16:09:11+08:00 ] NOTIC: [8] Undefined offset: 2 IndexAction.class.php 第 65 行.
[ 2012-10-05T16:09:11+08:00 ] NOTIC: [8] Undefined offset: 0 IndexAction.class.php 第 65 行.
[ 2012-10-05T16:09:11+08:00 ] NOTIC: [8] Undefined offset: 1 IndexAction.class.php 第 65 行.
[ 2012-10-05T16:09:11+08:00 ] NOTIC: [8] Undefined offset: 2 IndexAction.class.php 第 65 行.
[ 2012-10-05T16:09:11+08:00 ] NOTIC: [8] Undefined offset: 0 IndexAction.class.php 第 65 行.
[ 2012-10-05T16:09:11+08:00 ] NOTIC: [8] Undefined offset: 1 IndexAction.class.php 第 65 行.
[ 2012-10-05T16:09:11+08:00 ] NOTIC: [8] Undefined offset: 2 IndexAction.class.php 第 65 行.
[ 2012-10-05T16:09:11+08:00 ] NOTIC: [8] Undefined offset: 0 IndexAction.class.php 第 65 行.
[ 2012-10-05T16:09:11+08:00 ] NOTIC: [8] Undefined offset: 1 IndexAction.class.php 第 65 行.
[ 2012-10-05T16:09:11+08:00 ] NOTIC: [8] Undefined offset: 2 IndexAction.class.php 第 65 行.
[ 2012-10-05T16:09:11+08:00 ] NOTIC: [8] Undefined offset: 0 IndexAction.class.php 第 65 行.
[ 2012-10-05T16:09:11+08:00 ] NOTIC: [8] Undefined offset: 1 IndexAction.class.php 第 65 行.
[ 2012-10-05T16:09:11+08:00 ] NOTIC: [8] Undefined offset: 2 IndexAction.class.php 第 65 行.
[ 2012-10-05T16:09:11+08:00 ] NOTIC: [8] Undefined offset: 0 IndexAction.class.php 第 65 行.
[ 2012-10-05T16:09:11+08:00 ] NOTIC: [8] Undefined offset: 1 IndexAction.class.php 第 65 行.
[ 2012-10-05T16:09:11+08:00 ] NOTIC: [8] Undefined offset: 2 IndexAction.class.php 第 65 行.
[ 2012-10-05T16:09:11+08:00 ] NOTIC: [8] Undefined offset: 0 IndexAction.class.php 第 65 行.
[ 2012-10-05T16:09:11+08:00 ] NOTIC: [8] Undefined offset: 1 IndexAction.class.php 第 65 行.
[ 2012-10-05T16:09:11+08:00 ] NOTIC: [8] Undefined offset: 2 IndexAction.class.php 第 65 行.
[ 2012-10-05T16:09:11+08:00 ] NOTIC: [8] Undefined offset: 0 IndexAction.class.php 第 65 行.
[ 2012-10-05T16:09:11+08:00 ] NOTIC: [8] Undefined offset: 1 IndexAction.class.php 第 65 行.
[ 2012-10-05T16:09:11+08:00 ] NOTIC: [8] Undefined offset: 2 IndexAction.class.php 第 65 行.
[ 2012-10-05T16:09:11+08:00 ] NOTIC: [8] Undefined offset: 0 IndexAction.class.php 第 65 行.
[ 2012-10-05T16:09:11+08:00 ] NOTIC: [8] Undefined offset: 1 IndexAction.class.php 第 65 行.
[ 2012-10-05T16:09:11+08:00 ] NOTIC: [8] Undefined offset: 2 IndexAction.class.php 第 65 行.
[ 2012-10-05T16:09:11+08:00 ] NOTIC: [8] Undefined offset: 0 IndexAction.class.php 第 65 行.
[ 2012-10-05T16:09:11+08:00 ] NOTIC: [8] Undefined offset: 1 IndexAction.class.php 第 65 行.
[ 2012-10-05T16:09:11+08:00 ] NOTIC: [8] Undefined offset: 2 IndexAction.class.php 第 65 行.
[ 2012-10-05T16:09:11+08:00 ] NOTIC: [8] Undefined offset: 0 IndexAction.class.php 第 65 行.
[ 2012-10-05T16:09:11+08:00 ] NOTIC: [8] Undefined offset: 1 IndexAction.class.php 第 65 行.
[ 2012-10-05T16:09:11+08:00 ] NOTIC: [8] Undefined offset: 2 IndexAction.class.php 第 65 行.
[ 2012-10-05T16:09:11+08:00 ] NOTIC: [8] Undefined offset: 0 IndexAction.class.php 第 65 行.
[ 2012-10-05T16:09:11+08:00 ] NOTIC: [8] Undefined offset: 1 IndexAction.class.php 第 65 行.
[ 2012-10-05T16:09:11+08:00 ] NOTIC: [8] Undefined offset: 2 IndexAction.class.php 第 65 行.
[ 2012-10-05T16:09:11+08:00 ] NOTIC: [8] Undefined offset: 0 IndexAction.class.php 第 65 行.
[ 2012-10-05T16:09:11+08:00 ] NOTIC: [8] Undefined offset: 1 IndexAction.class.php 第 65 行.
[ 2012-10-05T16:09:11+08:00 ] NOTIC: [8] Undefined offset: 2 IndexAction.class.php 第 65 行.
[ 2012-10-05T16:09:11+08:00 ] NOTIC: [8] Undefined offset: 0 IndexAction.class.php 第 65 行.
[ 2012-10-05T16:09:11+08:00 ] NOTIC: [8] Undefined offset: 1 IndexAction.class.php 第 65 行.
[ 2012-10-05T16:09:11+08:00 ] NOTIC: [8] Undefined offset: 2 IndexAction.class.php 第 65 行.
[ 2012-10-05T16:09:11+08:00 ] NOTIC: [8] Undefined offset: 0 IndexAction.class.php 第 65 行.
[ 2012-10-05T16:09:11+08:00 ] NOTIC: [8] Undefined offset: 1 IndexAction.class.php 第 65 行.
[ 2012-10-05T16:09:11+08:00 ] NOTIC: [8] Undefined offset: 2 IndexAction.class.php 第 65 行.
[ 2012-10-05T16:09:11+08:00 ] NOTIC: [8] Undefined offset: 0 IndexAction.class.php 第 65 行.
[ 2012-10-05T16:09:11+08:00 ] NOTIC: [8] Undefined offset: 1 IndexAction.class.php 第 65 行.
[ 2012-10-05T16:09:11+08:00 ] NOTIC: [8] Undefined offset: 2 IndexAction.class.php 第 65 行.
[ 2012-10-05T16:09:11+08:00 ] NOTIC: [8] Undefined offset: 0 IndexAction.class.php 第 65 行.
[ 2012-10-05T16:09:11+08:00 ] NOTIC: [8] Undefined offset: 1 IndexAction.class.php 第 65 行.
[ 2012-10-05T16:09:11+08:00 ] NOTIC: [8] Undefined offset: 2 IndexAction.class.php 第 65 行.
[ 2012-10-05T16:09:11+08:00 ] NOTIC: [8] Undefined offset: 0 IndexAction.class.php 第 65 行.
[ 2012-10-05T16:09:11+08:00 ] NOTIC: [8] Undefined offset: 1 IndexAction.class.php 第 65 行.
[ 2012-10-05T16:09:11+08:00 ] NOTIC: [8] Undefined offset: 2 IndexAction.class.php 第 65 行.
[ 2012-10-05T16:09:11+08:00 ] NOTIC: [8] Undefined offset: 0 IndexAction.class.php 第 65 行.
[ 2012-10-05T16:09:11+08:00 ] NOTIC: [8] Undefined offset: 1 IndexAction.class.php 第 65 行.
[ 2012-10-05T16:09:11+08:00 ] NOTIC: [8] Undefined offset: 2 IndexAction.class.php 第 65 行.
[ 2012-10-05T16:09:11+08:00 ] NOTIC: [8] Undefined offset: 0 IndexAction.class.php 第 65 行.
[ 2012-10-05T16:09:11+08:00 ] NOTIC: [8] Undefined offset: 1 IndexAction.class.php 第 65 行.
[ 2012-10-05T16:09:11+08:00 ] NOTIC: [8] Undefined offset: 2 IndexAction.class.php 第 65 行.
[ 2012-10-05T16:09:34+08:00 ] SQL: SHOW COLUMNS FROM `word_index` [ RunTime:0.009958s ]
[ 2012-10-05T16:09:34+08:00 ] SQL: SELECT wo.word,wo.sound,wo.chinese,wo.lenth FROM word_index ind,word wo WHERE letter='' and ind.id=wo.id ORDER BY lenth ASC LIMIT 0,20  [ RunTime:0.000906s ]
[ 2012-10-05T16:09:35+08:00 ] SQL: SHOW COLUMNS FROM `word_index` [ RunTime:0.009263s ]
[ 2012-10-05T16:09:35+08:00 ] SQL: SELECT wo.word,wo.sound,wo.chinese,wo.lenth FROM word_index ind,word wo WHERE letter='c' and ind.id=wo.id ORDER BY lenth ASC LIMIT 0,20  [ RunTime:0.005253s ]
[ 2012-10-05T16:09:35+08:00 ] NOTIC: [8] Undefined offset: 0 IndexAction.class.php 第 65 行.
[ 2012-10-05T16:09:35+08:00 ] NOTIC: [8] Undefined offset: 1 IndexAction.class.php 第 65 行.
[ 2012-10-05T16:09:35+08:00 ] NOTIC: [8] Undefined offset: 2 IndexAction.class.php 第 65 行.
[ 2012-10-05T16:09:35+08:00 ] NOTIC: [8] Undefined offset: 0 IndexAction.class.php 第 65 行.
[ 2012-10-05T16:09:35+08:00 ] NOTIC: [8] Undefined offset: 1 IndexAction.class.php 第 65 行.
[ 2012-10-05T16:09:35+08:00 ] NOTIC: [8] Undefined offset: 2 IndexAction.class.php 第 65 行.
[ 2012-10-05T16:09:35+08:00 ] NOTIC: [8] Undefined offset: 0 IndexAction.class.php 第 65 行.
[ 2012-10-05T16:09:35+08:00 ] NOTIC: [8] Undefined offset: 1 IndexAction.class.php 第 65 行.
[ 2012-10-05T16:09:35+08:00 ] NOTIC: [8] Undefined offset: 2 IndexAction.class.php 第 65 行.
[ 2012-10-05T16:09:35+08:00 ] NOTIC: [8] Undefined offset: 0 IndexAction.class.php 第 65 行.
[ 2012-10-05T16:09:35+08:00 ] NOTIC: [8] Undefined offset: 1 IndexAction.class.php 第 65 行.
[ 2012-10-05T16:09:35+08:00 ] NOTIC: [8] Undefined offset: 2 IndexAction.class.php 第 65 行.
[ 2012-10-05T16:09:35+08:00 ] NOTIC: [8] Undefined offset: 0 IndexAction.class.php 第 65 行.
[ 2012-10-05T16:09:35+08:00 ] NOTIC: [8] Undefined offset: 1 IndexAction.class.php 第 65 行.
[ 2012-10-05T16:09:35+08:00 ] NOTIC: [8] Undefined offset: 2 IndexAction.class.php 第 65 行.
[ 2012-10-05T16:09:35+08:00 ] NOTIC: [8] Undefined offset: 0 IndexAction.class.php 第 65 行.
[ 2012-10-05T16:09:35+08:00 ] NOTIC: [8] Undefined offset: 1 IndexAction.class.php 第 65 行.
[ 2012-10-05T16:09:35+08:00 ] NOTIC: [8] Undefined offset: 2 IndexAction.class.php 第 65 行.
[ 2012-10-05T16:09:35+08:00 ] NOTIC: [8] Undefined offset: 0 IndexAction.class.php 第 65 行.
[ 2012-10-05T16:09:35+08:00 ] NOTIC: [8] Undefined offset: 1 IndexAction.class.php 第 65 行.
[ 2012-10-05T16:09:35+08:00 ] NOTIC: [8] Undefined offset: 2 IndexAction.class.php 第 65 行.
[ 2012-10-05T16:09:35+08:00 ] NOTIC: [8] Undefined offset: 0 IndexAction.class.php 第 65 行.
[ 2012-10-05T16:09:35+08:00 ] NOTIC: [8] Undefined offset: 1 IndexAction.class.php 第 65 行.
[ 2012-10-05T16:09:35+08:00 ] NOTIC: [8] Undefined offset: 2 IndexAction.class.php 第 65 行.
[ 2012-10-05T16:09:35+08:00 ] NOTIC: [8] Undefined offset: 0 IndexAction.class.php 第 65 行.
[ 2012-10-05T16:09:35+08:00 ] NOTIC: [8] Undefined offset: 1 IndexAction.class.php 第 65 行.
[ 2012-10-05T16:09:35+08:00 ] NOTIC: [8] Undefined offset: 2 IndexAction.class.php 第 65 行.
[ 2012-10-05T16:09:35+08:00 ] NOTIC: [8] Undefined offset: 0 IndexAction.class.php 第 65 行.
[ 2012-10-05T16:09:35+08:00 ] NOTIC: [8] Undefined offset: 1 IndexAction.class.php 第 65 行.
[ 2012-10-05T16:09:35+08:00 ] NOTIC: [8] Undefined offset: 2 IndexAction.class.php 第 65 行.
[ 2012-10-05T16:09:35+08:00 ] NOTIC: [8] Undefined offset: 0 IndexAction.class.php 第 65 行.
[ 2012-10-05T16:09:35+08:00 ] NOTIC: [8] Undefined offset: 1 IndexAction.class.php 第 65 行.
[ 2012-10-05T16:09:35+08:00 ] NOTIC: [8] Undefined offset: 2 IndexAction.class.php 第 65 行.
[ 2012-10-05T16:09:35+08:00 ] NOTIC: [8] Undefined offset: 0 IndexAction.class.php 第 65 行.
[ 2012-10-05T16:09:35+08:00 ] NOTIC: [8] Undefined offset: 1 IndexAction.class.php 第 65 行.
[ 2012-10-05T16:09:35+08:00 ] NOTIC: [8] Undefined offset: 2 IndexAction.class.php 第 65 行.
[ 2012-10-05T16:09:35+08:00 ] NOTIC: [8] Undefined offset: 0 IndexAction.class.php 第 65 行.
[ 2012-10-05T16:09:35+08:00 ] NOTIC: [8] Undefined offset: 1 IndexAction.class.php 第 65 行.
[ 2012-10-05T16:09:35+08:00 ] NOTIC: [8] Undefined offset: 2 IndexAction.class.php 第 65 行.
[ 2012-10-05T16:09:35+08:00 ] NOTIC: [8] Undefined offset: 0 IndexAction.class.php 第 65 行.
[ 2012-10-05T16:09:35+08:00 ] NOTIC: [8] Undefined offset: 1 IndexAction.class.php 第 65 行.
[ 2012-10-05T16:09:35+08:00 ] NOTIC: [8] Undefined offset: 2 IndexAction.class.php 第 65 行.
[ 2012-10-05T16:09:35+08:00 ] NOTIC: [8] Undefined offset: 0 IndexAction.class.php 第 65 行.
[ 2012-10-05T16:09:35+08:00 ] NOTIC: [8] Undefined offset: 1 IndexAction.class.php 第 65 行.
[ 2012-10-05T16:09:35+08:00 ] NOTIC: [8] Undefined offset: 2 IndexAction.class.php 第 65 行.
[ 2012-10-05T16:09:35+08:00 ] NOTIC: [8] Undefined offset: 0 IndexAction.class.php 第 65 行.
[ 2012-10-05T16:09:35+08:00 ] NOTIC: [8] Undefined offset: 1 IndexAction.class.php 第 65 行.
[ 2012-10-05T16:09:35+08:00 ] NOTIC: [8] Undefined offset: 2 IndexAction.class.php 第 65 行.
[ 2012-10-05T16:09:35+08:00 ] NOTIC: [8] Undefined offset: 0 IndexAction.class.php 第 65 行.
[ 2012-10-05T16:09:35+08:00 ] NOTIC: [8] Undefined offset: 1 IndexAction.class.php 第 65 行.
[ 2012-10-05T16:09:35+08:00 ] NOTIC: [8] Undefined offset: 2 IndexAction.class.php 第 65 行.
[ 2012-10-05T16:09:35+08:00 ] NOTIC: [8] Undefined offset: 0 IndexAction.class.php 第 65 行.
[ 2012-10-05T16:09:35+08:00 ] NOTIC: [8] Undefined offset: 1 IndexAction.class.php 第 65 行.
[ 2012-10-05T16:09:35+08:00 ] NOTIC: [8] Undefined offset: 2 IndexAction.class.php 第 65 行.
[ 2012-10-05T16:09:35+08:00 ] NOTIC: [8] Undefined offset: 0 IndexAction.class.php 第 65 行.
[ 2012-10-05T16:09:35+08:00 ] NOTIC: [8] Undefined offset: 1 IndexAction.class.php 第 65 行.
[ 2012-10-05T16:09:35+08:00 ] NOTIC: [8] Undefined offset: 2 IndexAction.class.php 第 65 行.
[ 2012-10-05T16:09:35+08:00 ] NOTIC: [8] Undefined offset: 0 IndexAction.class.php 第 65 行.
[ 2012-10-05T16:09:35+08:00 ] NOTIC: [8] Undefined offset: 1 IndexAction.class.php 第 65 行.
[ 2012-10-05T16:09:35+08:00 ] NOTIC: [8] Undefined offset: 2 IndexAction.class.php 第 65 行.
[ 2012-10-05T16:09:36+08:00 ] SQL: SHOW COLUMNS FROM `word_index` [ RunTime:0.009770s ]
[ 2012-10-05T16:09:36+08:00 ] SQL: SELECT wo.word,wo.sound,wo.chinese,wo.lenth FROM word_index ind,word wo WHERE letter='' and ind.id=wo.id ORDER BY lenth ASC LIMIT 0,20  [ RunTime:0.000901s ]
[ 2012-10-05T16:09:38+08:00 ] SQL: SHOW COLUMNS FROM `word_index` [ RunTime:0.008530s ]
[ 2012-10-05T16:09:38+08:00 ] SQL: SELECT wo.word,wo.sound,wo.chinese,wo.lenth FROM word_index ind,word wo WHERE letter='' and ind.id=wo.id ORDER BY lenth ASC LIMIT 0,20  [ RunTime:0.003156s ]
[ 2012-10-05T16:09:39+08:00 ] SQL: SHOW COLUMNS FROM `word_index` [ RunTime:0.009478s ]
[ 2012-10-05T16:09:39+08:00 ] SQL: SELECT wo.word,wo.sound,wo.chinese,wo.lenth FROM word_index ind,word wo WHERE letter='c' and ind.id=wo.id ORDER BY lenth ASC LIMIT 0,20  [ RunTime:0.004483s ]
[ 2012-10-05T16:09:39+08:00 ] NOTIC: [8] Undefined offset: 0 IndexAction.class.php 第 65 行.
[ 2012-10-05T16:09:39+08:00 ] NOTIC: [8] Undefined offset: 1 IndexAction.class.php 第 65 行.
[ 2012-10-05T16:09:39+08:00 ] NOTIC: [8] Undefined offset: 2 IndexAction.class.php 第 65 行.
[ 2012-10-05T16:09:39+08:00 ] NOTIC: [8] Undefined offset: 0 IndexAction.class.php 第 65 行.
[ 2012-10-05T16:09:39+08:00 ] NOTIC: [8] Undefined offset: 1 IndexAction.class.php 第 65 行.
[ 2012-10-05T16:09:39+08:00 ] NOTIC: [8] Undefined offset: 2 IndexAction.class.php 第 65 行.
[ 2012-10-05T16:09:39+08:00 ] NOTIC: [8] Undefined offset: 0 IndexAction.class.php 第 65 行.
[ 2012-10-05T16:09:39+08:00 ] NOTIC: [8] Undefined offset: 1 IndexAction.class.php 第 65 行.
[ 2012-10-05T16:09:39+08:00 ] NOTIC: [8] Undefined offset: 2 IndexAction.class.php 第 65 行.
[ 2012-10-05T16:09:39+08:00 ] NOTIC: [8] Undefined offset: 0 IndexAction.class.php 第 65 行.
[ 2012-10-05T16:09:39+08:00 ] NOTIC: [8] Undefined offset: 1 IndexAction.class.php 第 65 行.
[ 2012-10-05T16:09:39+08:00 ] NOTIC: [8] Undefined offset: 2 IndexAction.class.php 第 65 行.
[ 2012-10-05T16:09:39+08:00 ] NOTIC: [8] Undefined offset: 0 IndexAction.class.php 第 65 行.
[ 2012-10-05T16:09:39+08:00 ] NOTIC: [8] Undefined offset: 1 IndexAction.class.php 第 65 行.
[ 2012-10-05T16:09:39+08:00 ] NOTIC: [8] Undefined offset: 2 IndexAction.class.php 第 65 行.
[ 2012-10-05T16:09:39+08:00 ] NOTIC: [8] Undefined offset: 0 IndexAction.class.php 第 65 行.
[ 2012-10-05T16:09:39+08:00 ] NOTIC: [8] Undefined offset: 1 IndexAction.class.php 第 65 行.
[ 2012-10-05T16:09:39+08:00 ] NOTIC: [8] Undefined offset: 2 IndexAction.class.php 第 65 行.
[ 2012-10-05T16:09:39+08:00 ] NOTIC: [8] Undefined offset: 0 IndexAction.class.php 第 65 行.
[ 2012-10-05T16:09:39+08:00 ] NOTIC: [8] Undefined offset: 1 IndexAction.class.php 第 65 行.
[ 2012-10-05T16:09:39+08:00 ] NOTIC: [8] Undefined offset: 2 IndexAction.class.php 第 65 行.
[ 2012-10-05T16:09:39+08:00 ] NOTIC: [8] Undefined offset: 0 IndexAction.class.php 第 65 行.
[ 2012-10-05T16:09:39+08:00 ] NOTIC: [8] Undefined offset: 1 IndexAction.class.php 第 65 行.
[ 2012-10-05T16:09:39+08:00 ] NOTIC: [8] Undefined offset: 2 IndexAction.class.php 第 65 行.
[ 2012-10-05T16:09:39+08:00 ] NOTIC: [8] Undefined offset: 0 IndexAction.class.php 第 65 行.
[ 2012-10-05T16:09:39+08:00 ] NOTIC: [8] Undefined offset: 1 IndexAction.class.php 第 65 行.
[ 2012-10-05T16:09:39+08:00 ] NOTIC: [8] Undefined offset: 2 IndexAction.class.php 第 65 行.
[ 2012-10-05T16:09:39+08:00 ] NOTIC: [8] Undefined offset: 0 IndexAction.class.php 第 65 行.
[ 2012-10-05T16:09:39+08:00 ] NOTIC: [8] Undefined offset: 1 IndexAction.class.php 第 65 行.
[ 2012-10-05T16:09:39+08:00 ] NOTIC: [8] Undefined offset: 2 IndexAction.class.php 第 65 行.
[ 2012-10-05T16:09:39+08:00 ] NOTIC: [8] Undefined offset: 0 IndexAction.class.php 第 65 行.
[ 2012-10-05T16:09:39+08:00 ] NOTIC: [8] Undefined offset: 1 IndexAction.class.php 第 65 行.
[ 2012-10-05T16:09:39+08:00 ] NOTIC: [8] Undefined offset: 2 IndexAction.class.php 第 65 行.
[ 2012-10-05T16:09:39+08:00 ] NOTIC: [8] Undefined offset: 0 IndexAction.class.php 第 65 行.
[ 2012-10-05T16:09:39+08:00 ] NOTIC: [8] Undefined offset: 1 IndexAction.class.php 第 65 行.
[ 2012-10-05T16:09:39+08:00 ] NOTIC: [8] Undefined offset: 2 IndexAction.class.php 第 65 行.
[ 2012-10-05T16:09:39+08:00 ] NOTIC: [8] Undefined offset: 0 IndexAction.class.php 第 65 行.
[ 2012-10-05T16:09:39+08:00 ] NOTIC: [8] Undefined offset: 1 IndexAction.class.php 第 65 行.
[ 2012-10-05T16:09:39+08:00 ] NOTIC: [8] Undefined offset: 2 IndexAction.class.php 第 65 行.
[ 2012-10-05T16:09:39+08:00 ] NOTIC: [8] Undefined offset: 0 IndexAction.class.php 第 65 行.
[ 2012-10-05T16:09:39+08:00 ] NOTIC: [8] Undefined offset: 1 IndexAction.class.php 第 65 行.
[ 2012-10-05T16:09:39+08:00 ] NOTIC: [8] Undefined offset: 2 IndexAction.class.php 第 65 行.
[ 2012-10-05T16:09:39+08:00 ] NOTIC: [8] Undefined offset: 0 IndexAction.class.php 第 65 行.
[ 2012-10-05T16:09:39+08:00 ] NOTIC: [8] Undefined offset: 1 IndexAction.class.php 第 65 行.
[ 2012-10-05T16:09:39+08:00 ] NOTIC: [8] Undefined offset: 2 IndexAction.class.php 第 65 行.
[ 2012-10-05T16:09:39+08:00 ] NOTIC: [8] Undefined offset: 0 IndexAction.class.php 第 65 行.
[ 2012-10-05T16:09:39+08:00 ] NOTIC: [8] Undefined offset: 1 IndexAction.class.php 第 65 行.
[ 2012-10-05T16:09:39+08:00 ] NOTIC: [8] Undefined offset: 2 IndexAction.class.php 第 65 行.
[ 2012-10-05T16:09:39+08:00 ] NOTIC: [8] Undefined offset: 0 IndexAction.class.php 第 65 行.
[ 2012-10-05T16:09:39+08:00 ] NOTIC: [8] Undefined offset: 1 IndexAction.class.php 第 65 行.
[ 2012-10-05T16:09:39+08:00 ] NOTIC: [8] Undefined offset: 2 IndexAction.class.php 第 65 行.
[ 2012-10-05T16:09:39+08:00 ] NOTIC: [8] Undefined offset: 0 IndexAction.class.php 第 65 行.
[ 2012-10-05T16:09:39+08:00 ] NOTIC: [8] Undefined offset: 1 IndexAction.class.php 第 65 行.
[ 2012-10-05T16:09:39+08:00 ] NOTIC: [8] Undefined offset: 2 IndexAction.class.php 第 65 行.
[ 2012-10-05T16:09:39+08:00 ] NOTIC: [8] Undefined offset: 0 IndexAction.class.php 第 65 行.
[ 2012-10-05T16:09:39+08:00 ] NOTIC: [8] Undefined offset: 1 IndexAction.class.php 第 65 行.
[ 2012-10-05T16:09:39+08:00 ] NOTIC: [8] Undefined offset: 2 IndexAction.class.php 第 65 行.
[ 2012-10-05T16:09:39+08:00 ] NOTIC: [8] Undefined offset: 0 IndexAction.class.php 第 65 行.
[ 2012-10-05T16:09:39+08:00 ] NOTIC: [8] Undefined offset: 1 IndexAction.class.php 第 65 行.
[ 2012-10-05T16:09:39+08:00 ] NOTIC: [8] Undefined offset: 2 IndexAction.class.php 第 65 行.
[ 2012-10-05T16:10:53+08:00 ] NOTIC: [8] Undefined variable: kw a62833cbd1250a21ad9c7c941a5afaf4.php 第 29 行.
[ 2012-10-05T16:10:54+08:00 ] SQL: SHOW COLUMNS FROM `word_index` [ RunTime:0.007758s ]
[ 2012-10-05T16:10:54+08:00 ] SQL: SELECT wo.word,wo.sound,wo.chinese,wo.lenth FROM word_index ind,word wo WHERE letter='a' and ind.id=wo.id ORDER BY lenth ASC LIMIT 0,20  [ RunTime:0.006914s ]
[ 2012-10-05T16:10:56+08:00 ] SQL: SHOW COLUMNS FROM `word_index` [ RunTime:0.012626s ]
[ 2012-10-05T16:10:56+08:00 ] SQL: SELECT wo.word,wo.sound,wo.chinese,wo.lenth FROM word_index ind,word wo WHERE letter='aa' and ind.id=wo.id ORDER BY lenth ASC LIMIT 0,20  [ RunTime:0.000933s ]
[ 2012-10-05T16:10:58+08:00 ] SQL: SHOW COLUMNS FROM `word_index` [ RunTime:0.007489s ]
[ 2012-10-05T16:10:58+08:00 ] SQL: SELECT wo.word,wo.sound,wo.chinese,wo.lenth FROM word_index ind,word wo WHERE letter='a' and ind.id=wo.id ORDER BY lenth ASC LIMIT 0,20  [ RunTime:0.003549s ]
[ 2012-10-05T16:11:22+08:00 ] NOTIC: [8] Undefined variable: kw a62833cbd1250a21ad9c7c941a5afaf4.php 第 29 行.
[ 2012-10-05T16:11:23+08:00 ] SQL: SHOW COLUMNS FROM `word_index` [ RunTime:0.010531s ]
[ 2012-10-05T16:11:23+08:00 ] SQL: SELECT wo.word,wo.sound,wo.chinese,wo.lenth FROM word_index ind,word wo WHERE letter='a' and ind.id=wo.id ORDER BY lenth ASC LIMIT 0,20  [ RunTime:0.004048s ]
[ 2012-10-05T16:11:23+08:00 ] NOTIC: [8] Undefined offset: 0 IndexAction.class.php 第 65 行.
[ 2012-10-05T16:11:23+08:00 ] NOTIC: [8] Undefined offset: 1 IndexAction.class.php 第 65 行.
[ 2012-10-05T16:11:23+08:00 ] NOTIC: [8] Undefined offset: 2 IndexAction.class.php 第 65 行.
[ 2012-10-05T16:11:26+08:00 ] SQL: SHOW COLUMNS FROM `word_index` [ RunTime:0.024412s ]
[ 2012-10-05T16:11:26+08:00 ] SQL: SELECT wo.word,wo.sound,wo.chinese,wo.lenth FROM word_index ind,word wo WHERE letter='ac' and ind.id=wo.id ORDER BY lenth ASC LIMIT 0,20  [ RunTime:0.004715s ]
[ 2012-10-05T16:11:26+08:00 ] NOTIC: [8] Undefined offset: 0 IndexAction.class.php 第 65 行.
[ 2012-10-05T16:11:26+08:00 ] NOTIC: [8] Undefined offset: 1 IndexAction.class.php 第 65 行.
[ 2012-10-05T16:11:26+08:00 ] NOTIC: [8] Undefined offset: 2 IndexAction.class.php 第 65 行.
[ 2012-10-05T16:11:27+08:00 ] SQL: SHOW COLUMNS FROM `word_index` [ RunTime:0.016222s ]
[ 2012-10-05T16:11:27+08:00 ] SQL: SELECT wo.word,wo.sound,wo.chinese,wo.lenth FROM word_index ind,word wo WHERE letter='acv' and ind.id=wo.id ORDER BY lenth ASC LIMIT 0,20  [ RunTime:0.000710s ]
[ 2012-10-05T16:11:28+08:00 ] SQL: SHOW COLUMNS FROM `word_index` [ RunTime:0.007734s ]
[ 2012-10-05T16:11:28+08:00 ] SQL: SELECT wo.word,wo.sound,wo.chinese,wo.lenth FROM word_index ind,word wo WHERE letter='acvv' and ind.id=wo.id ORDER BY lenth ASC LIMIT 0,20  [ RunTime:0.000673s ]
[ 2012-10-05T16:11:28+08:00 ] SQL: SHOW COLUMNS FROM `word_index` [ RunTime:0.009367s ]
[ 2012-10-05T16:11:28+08:00 ] SQL: SELECT wo.word,wo.sound,wo.chinese,wo.lenth FROM word_index ind,word wo WHERE letter='acv' and ind.id=wo.id ORDER BY lenth ASC LIMIT 0,20  [ RunTime:0.000852s ]
[ 2012-10-05T16:11:29+08:00 ] SQL: SHOW COLUMNS FROM `word_index` [ RunTime:0.008369s ]
[ 2012-10-05T16:11:29+08:00 ] SQL: SELECT wo.word,wo.sound,wo.chinese,wo.lenth FROM word_index ind,word wo WHERE letter='ac' and ind.id=wo.id ORDER BY lenth ASC LIMIT 0,20  [ RunTime:0.001223s ]
[ 2012-10-05T16:11:29+08:00 ] NOTIC: [8] Undefined offset: 0 IndexAction.class.php 第 65 行.
[ 2012-10-05T16:11:29+08:00 ] NOTIC: [8] Undefined offset: 1 IndexAction.class.php 第 65 行.
[ 2012-10-05T16:11:29+08:00 ] NOTIC: [8] Undefined offset: 2 IndexAction.class.php 第 65 行.
[ 2012-10-05T16:11:31+08:00 ] SQL: SHOW COLUMNS FROM `word_index` [ RunTime:0.007619s ]
[ 2012-10-05T16:11:31+08:00 ] SQL: SELECT wo.word,wo.sound,wo.chinese,wo.lenth FROM word_index ind,word wo WHERE letter='acs' and ind.id=wo.id ORDER BY lenth ASC LIMIT 0,20  [ RunTime:0.001150s ]
[ 2012-10-05T16:11:32+08:00 ] SQL: SHOW COLUMNS FROM `word_index` [ RunTime:0.016089s ]
[ 2012-10-05T16:11:32+08:00 ] SQL: SELECT wo.word,wo.sound,wo.chinese,wo.lenth FROM word_index ind,word wo WHERE letter='ac' and ind.id=wo.id ORDER BY lenth ASC LIMIT 0,20  [ RunTime:0.001116s ]
[ 2012-10-05T16:11:32+08:00 ] NOTIC: [8] Undefined offset: 0 IndexAction.class.php 第 65 行.
[ 2012-10-05T16:11:32+08:00 ] NOTIC: [8] Undefined offset: 1 IndexAction.class.php 第 65 行.
[ 2012-10-05T16:11:32+08:00 ] NOTIC: [8] Undefined offset: 2 IndexAction.class.php 第 65 行.
[ 2012-10-05T16:11:32+08:00 ] SQL: SHOW COLUMNS FROM `word_index` [ RunTime:0.007538s ]
[ 2012-10-05T16:11:32+08:00 ] SQL: SELECT wo.word,wo.sound,wo.chinese,wo.lenth FROM word_index ind,word wo WHERE letter='acw' and ind.id=wo.id ORDER BY lenth ASC LIMIT 0,20  [ RunTime:0.000963s ]
[ 2012-10-05T16:11:33+08:00 ] SQL: SHOW COLUMNS FROM `word_index` [ RunTime:0.008741s ]
[ 2012-10-05T16:11:33+08:00 ] SQL: SELECT wo.word,wo.sound,wo.chinese,wo.lenth FROM word_index ind,word wo WHERE letter='ac' and ind.id=wo.id ORDER BY lenth ASC LIMIT 0,20  [ RunTime:0.001218s ]
[ 2012-10-05T16:11:33+08:00 ] NOTIC: [8] Undefined offset: 0 IndexAction.class.php 第 65 行.
[ 2012-10-05T16:11:33+08:00 ] NOTIC: [8] Undefined offset: 1 IndexAction.class.php 第 65 行.
[ 2012-10-05T16:11:33+08:00 ] NOTIC: [8] Undefined offset: 2 IndexAction.class.php 第 65 行.
[ 2012-10-05T16:11:34+08:00 ] SQL: SHOW COLUMNS FROM `word_index` [ RunTime:0.013865s ]
[ 2012-10-05T16:11:34+08:00 ] SQL: SELECT wo.word,wo.sound,wo.chinese,wo.lenth FROM word_index ind,word wo WHERE letter='a' and ind.id=wo.id ORDER BY lenth ASC LIMIT 0,20  [ RunTime:0.003470s ]
[ 2012-10-05T16:11:34+08:00 ] NOTIC: [8] Undefined offset: 0 IndexAction.class.php 第 65 行.
[ 2012-10-05T16:11:34+08:00 ] NOTIC: [8] Undefined offset: 1 IndexAction.class.php 第 65 行.
[ 2012-10-05T16:11:34+08:00 ] NOTIC: [8] Undefined offset: 2 IndexAction.class.php 第 65 行.
[ 2012-10-05T16:11:34+08:00 ] SQL: SHOW COLUMNS FROM `word_index` [ RunTime:0.081782s ]
[ 2012-10-05T16:11:34+08:00 ] SQL: SELECT wo.word,wo.sound,wo.chinese,wo.lenth FROM word_index ind,word wo WHERE letter='' and ind.id=wo.id ORDER BY lenth ASC LIMIT 0,20  [ RunTime:0.000775s ]
[ 2012-10-05T16:12:26+08:00 ] NOTIC: [8] Undefined variable: kw a62833cbd1250a21ad9c7c941a5afaf4.php 第 29 行.
[ 2012-10-05T16:12:28+08:00 ] SQL: SHOW COLUMNS FROM `word_index` [ RunTime:0.007744s ]
[ 2012-10-05T16:12:28+08:00 ] SQL: SELECT wo.word,wo.sound,wo.chinese,wo.lenth FROM word_index ind,word wo WHERE letter='a' and ind.id=wo.id ORDER BY lenth ASC LIMIT 0,20  [ RunTime:0.003227s ]
[ 2012-10-05T16:12:28+08:00 ] NOTIC: [8] Undefined offset: 0 IndexAction.class.php 第 67 行.
[ 2012-10-05T16:14:49+08:00 ] NOTIC: [8] Undefined variable: kw a62833cbd1250a21ad9c7c941a5afaf4.php 第 29 行.
[ 2012-10-05T16:14:49+08:00 ] NOTIC: [8] Undefined variable: kw a62833cbd1250a21ad9c7c941a5afaf4.php 第 49 行.
[ 2012-10-05T16:14:52+08:00 ] SQL: SHOW COLUMNS FROM `word_index` [ RunTime:0.007944s ]
[ 2012-10-05T16:14:52+08:00 ] SQL: SELECT wo.word,wo.sound,wo.chinese,wo.lenth FROM word_index ind,word wo WHERE letter='' and ind.id=wo.id ORDER BY lenth ASC LIMIT 0,20  [ RunTime:0.001992s ]
[ 2012-10-05T16:14:54+08:00 ] SQL: SHOW COLUMNS FROM `word_index` [ RunTime:0.007977s ]
[ 2012-10-05T16:14:54+08:00 ] SQL: SELECT wo.word,wo.sound,wo.chinese,wo.lenth FROM word_index ind,word wo WHERE letter='a' and ind.id=wo.id ORDER BY lenth ASC LIMIT 0,20  [ RunTime:0.003319s ]
[ 2012-10-05T16:15:27+08:00 ] NOTIC: [8] Undefined variable: kw a62833cbd1250a21ad9c7c941a5afaf4.php 第 29 行.
[ 2012-10-05T16:15:27+08:00 ] NOTIC: [8] Undefined variable: kw a62833cbd1250a21ad9c7c941a5afaf4.php 第 49 行.
[ 2012-10-05T16:15:28+08:00 ] SQL: SHOW COLUMNS FROM `word_index` [ RunTime:0.010045s ]
[ 2012-10-05T16:15:28+08:00 ] SQL: SELECT wo.word,wo.sound,wo.chinese,wo.lenth FROM word_index ind,word wo WHERE letter='a' and ind.id=wo.id ORDER BY lenth ASC LIMIT 0,20  [ RunTime:0.006348s ]
[ 2012-10-05T16:16:10+08:00 ] SQL: SHOW COLUMNS FROM `word_index` [ RunTime:0.007745s ]
[ 2012-10-05T16:16:10+08:00 ] SQL: SELECT wo.word,wo.sound,wo.chinese,wo.lenth FROM word_index ind,word wo WHERE letter='aa' and ind.id=wo.id ORDER BY lenth ASC LIMIT 0,20  [ RunTime:0.000850s ]
[ 2012-10-05T16:16:12+08:00 ] NOTIC: [8] Undefined variable: kw a62833cbd1250a21ad9c7c941a5afaf4.php 第 29 行.
[ 2012-10-05T16:16:12+08:00 ] NOTIC: [8] Undefined variable: kw a62833cbd1250a21ad9c7c941a5afaf4.php 第 49 行.
[ 2012-10-05T16:16:13+08:00 ] SQL: SHOW COLUMNS FROM `word_index` [ RunTime:0.012817s ]
[ 2012-10-05T16:16:13+08:00 ] SQL: SELECT wo.word,wo.sound,wo.chinese,wo.lenth FROM word_index ind,word wo WHERE letter='a' and ind.id=wo.id ORDER BY lenth ASC LIMIT 0,20  [ RunTime:0.005573s ]
[ 2012-10-05T16:16:13+08:00 ] NOTIC: [8] Undefined index: Chinese IndexAction.class.php 第 66 行.
[ 2012-10-05T16:16:23+08:00 ] NOTIC: [8] Undefined variable: kw a62833cbd1250a21ad9c7c941a5afaf4.php 第 29 行.
[ 2012-10-05T16:16:23+08:00 ] NOTIC: [8] Undefined variable: kw a62833cbd1250a21ad9c7c941a5afaf4.php 第 49 行.
[ 2012-10-05T16:16:25+08:00 ] SQL: SHOW COLUMNS FROM `word_index` [ RunTime:0.007794s ]
[ 2012-10-05T16:16:25+08:00 ] SQL: SELECT wo.word,wo.sound,wo.chinese,wo.lenth FROM word_index ind,word wo WHERE letter='a' and ind.id=wo.id ORDER BY lenth ASC LIMIT 0,20  [ RunTime:0.003249s ]
[ 2012-10-05T16:16:25+08:00 ] NOTIC: [8] Undefined index: Chinese IndexAction.class.php 第 66 行.
[ 2012-10-05T16:16:25+08:00 ] NOTIC: [8] Undefined index: Chinese IndexAction.class.php 第 66 行.
[ 2012-10-05T16:16:25+08:00 ] NOTIC: [8] Undefined index: Chinese IndexAction.class.php 第 66 行.
[ 2012-10-05T16:16:25+08:00 ] NOTIC: [8] Undefined index: Chinese IndexAction.class.php 第 66 行.
[ 2012-10-05T16:16:25+08:00 ] NOTIC: [8] Undefined index: Chinese IndexAction.class.php 第 66 行.
[ 2012-10-05T16:16:25+08:00 ] NOTIC: [8] Undefined index: Chinese IndexAction.class.php 第 66 行.
[ 2012-10-05T16:16:25+08:00 ] NOTIC: [8] Undefined index: Chinese IndexAction.class.php 第 66 行.
[ 2012-10-05T16:16:25+08:00 ] NOTIC: [8] Undefined index: Chinese IndexAction.class.php 第 66 行.
[ 2012-10-05T16:16:25+08:00 ] NOTIC: [8] Undefined index: Chinese IndexAction.class.php 第 66 行.
[ 2012-10-05T16:16:25+08:00 ] NOTIC: [8] Undefined index: Chinese IndexAction.class.php 第 66 行.
[ 2012-10-05T16:16:25+08:00 ] NOTIC: [8] Undefined index: Chinese IndexAction.class.php 第 66 行.
[ 2012-10-05T16:16:25+08:00 ] NOTIC: [8] Undefined index: Chinese IndexAction.class.php 第 66 行.
[ 2012-10-05T16:16:25+08:00 ] NOTIC: [8] Undefined index: Chinese IndexAction.class.php 第 66 行.
[ 2012-10-05T16:16:25+08:00 ] NOTIC: [8] Undefined index: Chinese IndexAction.class.php 第 66 行.
[ 2012-10-05T16:16:25+08:00 ] NOTIC: [8] Undefined index: Chinese IndexAction.class.php 第 66 行.
[ 2012-10-05T16:16:25+08:00 ] NOTIC: [8] Undefined index: Chinese IndexAction.class.php 第 66 行.
[ 2012-10-05T16:16:25+08:00 ] NOTIC: [8] Undefined index: Chinese IndexAction.class.php 第 66 行.
[ 2012-10-05T16:16:25+08:00 ] NOTIC: [8] Undefined index: Chinese IndexAction.class.php 第 66 行.
[ 2012-10-05T16:16:25+08:00 ] NOTIC: [8] Undefined index: Chinese IndexAction.class.php 第 66 行.
[ 2012-10-05T16:16:25+08:00 ] NOTIC: [8] Undefined index: Chinese IndexAction.class.php 第 66 行.
[ 2012-10-05T16:16:36+08:00 ] SQL: SHOW COLUMNS FROM `word_index` [ RunTime:0.008055s ]
[ 2012-10-05T16:16:36+08:00 ] SQL: SELECT wo.word,wo.sound,wo.chinese,wo.lenth FROM word_index ind,word wo WHERE letter='' and ind.id=wo.id ORDER BY lenth ASC LIMIT 0,20  [ RunTime:0.000687s ]
[ 2012-10-05T16:16:36+08:00 ] SQL: SHOW COLUMNS FROM `word_index` [ RunTime:0.009528s ]
[ 2012-10-05T16:16:36+08:00 ] SQL: SELECT wo.word,wo.sound,wo.chinese,wo.lenth FROM word_index ind,word wo WHERE letter='C' and ind.id=wo.id ORDER BY lenth ASC LIMIT 0,20  [ RunTime:0.004858s ]
[ 2012-10-05T16:16:36+08:00 ] NOTIC: [8] Undefined index: Chinese IndexAction.class.php 第 66 行.
[ 2012-10-05T16:16:36+08:00 ] NOTIC: [8] Undefined index: Chinese IndexAction.class.php 第 66 行.
[ 2012-10-05T16:16:36+08:00 ] NOTIC: [8] Undefined index: Chinese IndexAction.class.php 第 66 行.
[ 2012-10-05T16:16:36+08:00 ] NOTIC: [8] Undefined index: Chinese IndexAction.class.php 第 66 行.
[ 2012-10-05T16:16:36+08:00 ] NOTIC: [8] Undefined index: Chinese IndexAction.class.php 第 66 行.
[ 2012-10-05T16:16:36+08:00 ] NOTIC: [8] Undefined index: Chinese IndexAction.class.php 第 66 行.
[ 2012-10-05T16:16:36+08:00 ] NOTIC: [8] Undefined index: Chinese IndexAction.class.php 第 66 行.
[ 2012-10-05T16:16:36+08:00 ] NOTIC: [8] Undefined index: Chinese IndexAction.class.php 第 66 行.
[ 2012-10-05T16:16:36+08:00 ] NOTIC: [8] Undefined index: Chinese IndexAction.class.php 第 66 行.
[ 2012-10-05T16:16:36+08:00 ] NOTIC: [8] Undefined index: Chinese IndexAction.class.php 第 66 行.
[ 2012-10-05T16:16:36+08:00 ] NOTIC: [8] Undefined index: Chinese IndexAction.class.php 第 66 行.
[ 2012-10-05T16:16:36+08:00 ] NOTIC: [8] Undefined index: Chinese IndexAction.class.php 第 66 行.
[ 2012-10-05T16:16:36+08:00 ] NOTIC: [8] Undefined index: Chinese IndexAction.class.php 第 66 行.
[ 2012-10-05T16:16:36+08:00 ] NOTIC: [8] Undefined index: Chinese IndexAction.class.php 第 66 行.
[ 2012-10-05T16:16:36+08:00 ] NOTIC: [8] Undefined index: Chinese IndexAction.class.php 第 66 行.
[ 2012-10-05T16:16:36+08:00 ] NOTIC: [8] Undefined index: Chinese IndexAction.class.php 第 66 行.
[ 2012-10-05T16:16:36+08:00 ] NOTIC: [8] Undefined index: Chinese IndexAction.class.php 第 66 行.
[ 2012-10-05T16:16:36+08:00 ] NOTIC: [8] Undefined index: Chinese IndexAction.class.php 第 66 行.
[ 2012-10-05T16:16:36+08:00 ] NOTIC: [8] Undefined index: Chinese IndexAction.class.php 第 66 行.
[ 2012-10-05T16:16:36+08:00 ] NOTIC: [8] Undefined index: Chinese IndexAction.class.php 第 66 行.
[ 2012-10-05T16:16:36+08:00 ] SQL: SHOW COLUMNS FROM `word_index` [ RunTime:0.022180s ]
[ 2012-10-05T16:16:36+08:00 ] SQL: SELECT wo.word,wo.sound,wo.chinese,wo.lenth FROM word_index ind,word wo WHERE letter='C' and ind.id=wo.id ORDER BY lenth ASC LIMIT 0,20  [ RunTime:0.005015s ]
[ 2012-10-05T16:16:36+08:00 ] NOTIC: [8] Undefined index: Chinese IndexAction.class.php 第 66 行.
[ 2012-10-05T16:16:36+08:00 ] NOTIC: [8] Undefined index: Chinese IndexAction.class.php 第 66 行.
[ 2012-10-05T16:16:36+08:00 ] NOTIC: [8] Undefined index: Chinese IndexAction.class.php 第 66 行.
[ 2012-10-05T16:16:36+08:00 ] NOTIC: [8] Undefined index: Chinese IndexAction.class.php 第 66 行.
[ 2012-10-05T16:16:36+08:00 ] NOTIC: [8] Undefined index: Chinese IndexAction.class.php 第 66 行.
[ 2012-10-05T16:16:36+08:00 ] NOTIC: [8] Undefined index: Chinese IndexAction.class.php 第 66 行.
[ 2012-10-05T16:16:36+08:00 ] NOTIC: [8] Undefined index: Chinese IndexAction.class.php 第 66 行.
[ 2012-10-05T16:16:36+08:00 ] NOTIC: [8] Undefined index: Chinese IndexAction.class.php 第 66 行.
[ 2012-10-05T16:16:36+08:00 ] NOTIC: [8] Undefined index: Chinese IndexAction.class.php 第 66 行.
[ 2012-10-05T16:16:36+08:00 ] NOTIC: [8] Undefined index: Chinese IndexAction.class.php 第 66 行.
[ 2012-10-05T16:16:36+08:00 ] NOTIC: [8] Undefined index: Chinese IndexAction.class.php 第 66 行.
[ 2012-10-05T16:16:36+08:00 ] NOTIC: [8] Undefined index: Chinese IndexAction.class.php 第 66 行.
[ 2012-10-05T16:16:36+08:00 ] NOTIC: [8] Undefined index: Chinese IndexAction.class.php 第 66 行.
[ 2012-10-05T16:16:36+08:00 ] NOTIC: [8] Undefined index: Chinese IndexAction.class.php 第 66 行.
[ 2012-10-05T16:16:36+08:00 ] NOTIC: [8] Undefined index: Chinese IndexAction.class.php 第 66 行.
[ 2012-10-05T16:16:36+08:00 ] NOTIC: [8] Undefined index: Chinese IndexAction.class.php 第 66 行.
[ 2012-10-05T16:16:36+08:00 ] NOTIC: [8] Undefined index: Chinese IndexAction.class.php 第 66 行.
[ 2012-10-05T16:16:36+08:00 ] NOTIC: [8] Undefined index: Chinese IndexAction.class.php 第 66 行.
[ 2012-10-05T16:16:36+08:00 ] NOTIC: [8] Undefined index: Chinese IndexAction.class.php 第 66 行.
[ 2012-10-05T16:16:36+08:00 ] NOTIC: [8] Undefined index: Chinese IndexAction.class.php 第 66 行.
[ 2012-10-05T16:16:48+08:00 ] SQL: SHOW COLUMNS FROM `word_index` [ RunTime:0.008996s ]
[ 2012-10-05T16:16:48+08:00 ] SQL: SELECT wo.word,wo.sound,wo.chinese,wo.lenth FROM word_index ind,word wo WHERE letter='C' and ind.id=wo.id ORDER BY lenth ASC LIMIT 0,20  [ RunTime:0.004772s ]
[ 2012-10-05T16:16:48+08:00 ] NOTIC: [8] Undefined index: Chinese IndexAction.class.php 第 66 行.
[ 2012-10-05T16:16:48+08:00 ] NOTIC: [8] Undefined index: Chinese IndexAction.class.php 第 66 行.
[ 2012-10-05T16:16:48+08:00 ] NOTIC: [8] Undefined index: Chinese IndexAction.class.php 第 66 行.
[ 2012-10-05T16:16:48+08:00 ] NOTIC: [8] Undefined index: Chinese IndexAction.class.php 第 66 行.
[ 2012-10-05T16:16:48+08:00 ] NOTIC: [8] Undefined index: Chinese IndexAction.class.php 第 66 行.
[ 2012-10-05T16:16:48+08:00 ] NOTIC: [8] Undefined index: Chinese IndexAction.class.php 第 66 行.
[ 2012-10-05T16:16:48+08:00 ] NOTIC: [8] Undefined index: Chinese IndexAction.class.php 第 66 行.
[ 2012-10-05T16:16:48+08:00 ] NOTIC: [8] Undefined index: Chinese IndexAction.class.php 第 66 行.
[ 2012-10-05T16:16:48+08:00 ] NOTIC: [8] Undefined index: Chinese IndexAction.class.php 第 66 行.
[ 2012-10-05T16:16:48+08:00 ] NOTIC: [8] Undefined index: Chinese IndexAction.class.php 第 66 行.
[ 2012-10-05T16:16:48+08:00 ] NOTIC: [8] Undefined index: Chinese IndexAction.class.php 第 66 行.
[ 2012-10-05T16:16:48+08:00 ] NOTIC: [8] Undefined index: Chinese IndexAction.class.php 第 66 行.
[ 2012-10-05T16:16:48+08:00 ] NOTIC: [8] Undefined index: Chinese IndexAction.class.php 第 66 行.
[ 2012-10-05T16:16:48+08:00 ] NOTIC: [8] Undefined index: Chinese IndexAction.class.php 第 66 行.
[ 2012-10-05T16:16:48+08:00 ] NOTIC: [8] Undefined index: Chinese IndexAction.class.php 第 66 行.
[ 2012-10-05T16:16:48+08:00 ] NOTIC: [8] Undefined index: Chinese IndexAction.class.php 第 66 行.
[ 2012-10-05T16:16:48+08:00 ] NOTIC: [8] Undefined index: Chinese IndexAction.class.php 第 66 行.
[ 2012-10-05T16:16:48+08:00 ] NOTIC: [8] Undefined index: Chinese IndexAction.class.php 第 66 行.
[ 2012-10-05T16:16:48+08:00 ] NOTIC: [8] Undefined index: Chinese IndexAction.class.php 第 66 行.
[ 2012-10-05T16:16:48+08:00 ] NOTIC: [8] Undefined index: Chinese IndexAction.class.php 第 66 行.
[ 2012-10-05T16:16:50+08:00 ] SQL: SHOW COLUMNS FROM `word_index` [ RunTime:0.014469s ]
[ 2012-10-05T16:16:50+08:00 ] SQL: SELECT wo.word,wo.sound,wo.chinese,wo.lenth FROM word_index ind,word wo WHERE letter='a' and ind.id=wo.id ORDER BY lenth ASC LIMIT 0,20  [ RunTime:0.008127s ]
[ 2012-10-05T16:17:12+08:00 ] NOTIC: [8] Undefined variable: kw a62833cbd1250a21ad9c7c941a5afaf4.php 第 29 行.
[ 2012-10-05T16:17:12+08:00 ] NOTIC: [8] Undefined variable: kw a62833cbd1250a21ad9c7c941a5afaf4.php 第 49 行.
[ 2012-10-05T16:17:14+08:00 ] SQL: SHOW COLUMNS FROM `word_index` [ RunTime:0.014831s ]
[ 2012-10-05T16:17:14+08:00 ] SQL: SELECT wo.word,wo.sound,wo.chinese,wo.lenth FROM word_index ind,word wo WHERE letter='a' and ind.id=wo.id ORDER BY lenth ASC LIMIT 0,20  [ RunTime:0.003686s ]
[ 2012-10-05T16:17:18+08:00 ] SQL: SHOW COLUMNS FROM `word_index` [ RunTime:0.012793s ]
[ 2012-10-05T16:17:18+08:00 ] SQL: SELECT wo.word,wo.sound,wo.chinese,wo.lenth FROM word_index ind,word wo WHERE letter='' and ind.id=wo.id ORDER BY lenth ASC LIMIT 0,20  [ RunTime:0.001939s ]
[ 2012-10-05T16:17:18+08:00 ] SQL: SHOW COLUMNS FROM `word_index` [ RunTime:0.011924s ]
[ 2012-10-05T16:17:18+08:00 ] SQL: SELECT wo.word,wo.sound,wo.chinese,wo.lenth FROM word_index ind,word wo WHERE letter='c' and ind.id=wo.id ORDER BY lenth ASC LIMIT 0,20  [ RunTime:0.004780s ]
[ 2012-10-05T16:17:22+08:00 ] SQL: SHOW COLUMNS FROM `word_index` [ RunTime:0.010706s ]
[ 2012-10-05T16:17:22+08:00 ] SQL: SELECT wo.word,wo.sound,wo.chinese,wo.lenth FROM word_index ind,word wo WHERE letter='' and ind.id=wo.id ORDER BY lenth ASC LIMIT 0,20  [ RunTime:0.003664s ]
[ 2012-10-05T16:19:18+08:00 ] NOTIC: [8] Undefined variable: kw a62833cbd1250a21ad9c7c941a5afaf4.php 第 29 行.
[ 2012-10-05T16:19:18+08:00 ] NOTIC: [8] Undefined variable: kw a62833cbd1250a21ad9c7c941a5afaf4.php 第 49 行.
[ 2012-10-05T16:19:22+08:00 ] SQL: SHOW COLUMNS FROM `word_index` [ RunTime:0.012677s ]
[ 2012-10-05T16:19:22+08:00 ] SQL: SELECT wo.word,wo.sound,wo.chinese,wo.lenth FROM word_index ind,word wo WHERE letter='a' and ind.id=wo.id ORDER BY lenth ASC LIMIT 0,20  [ RunTime:0.003573s ]
[ 2012-10-05T16:19:24+08:00 ] SQL: SHOW COLUMNS FROM `word_index` [ RunTime:0.007866s ]
[ 2012-10-05T16:19:24+08:00 ] SQL: SELECT wo.word,wo.sound,wo.chinese,wo.lenth FROM word_index ind,word wo WHERE letter='' and ind.id=wo.id ORDER BY lenth ASC LIMIT 0,20  [ RunTime:0.000654s ]
[ 2012-10-05T16:19:25+08:00 ] SQL: SHOW COLUMNS FROM `word_index` [ RunTime:0.012623s ]
[ 2012-10-05T16:19:25+08:00 ] SQL: SELECT wo.word,wo.sound,wo.chinese,wo.lenth FROM word_index ind,word wo WHERE letter='C' and ind.id=wo.id ORDER BY lenth ASC LIMIT 0,20  [ RunTime:0.005242s ]
[ 2012-10-05T16:19:25+08:00 ] SQL: SHOW COLUMNS FROM `word_index` [ RunTime:0.010360s ]
[ 2012-10-05T16:19:25+08:00 ] SQL: SELECT wo.word,wo.sound,wo.chinese,wo.lenth FROM word_index ind,word wo WHERE letter='C' and ind.id=wo.id ORDER BY lenth ASC LIMIT 0,20  [ RunTime:0.004883s ]
[ 2012-10-05T16:21:30+08:00 ] NOTIC: [8] Undefined variable: kw a62833cbd1250a21ad9c7c941a5afaf4.php 第 29 行.
